NOTE: PRECISION=single is unnecessary, single is the default
( make all \
"FC_PARALLEL = /opt/ohpc/pub/mpi/openmpi4-gnu9/4.1.1/bin/mpif90" \
"CC_PARALLEL = /opt/ohpc/pub/mpi/openmpi4-gnu9/4.1.1/bin/mpicc" \
"CXX_PARALLEL = /opt/ohpc/pub/mpi/openmpi4-gnu9/4.1.1/bin/mpicxx" \
"FC_SERIAL = gfortran" \
"CC_SERIAL = gcc" \
"CXX_SERIAL = g++" \
"FFLAGS_PROMOTION = -fdefault-real-8 -fdefault-double-8" \
"FFLAGS_OPT = -O3 -ffree-line-length-none -fconvert=big-endian -ffree-form" \
"CFLAGS_OPT = -O3" \
"CXXFLAGS_OPT = -O3" \
"LDFLAGS_OPT = -O3" \
"FFLAGS_DEBUG = -g -ffree-line-length-none -fconvert=big-endian -ffree-form -fcheck=all -fbacktrace -ffpe-trap=invalid,zero,overflow" \
"CFLAGS_DEBUG = -g" \
"CXXFLAGS_DEBUG = -g" \
"LDFLAGS_DEBUG = -g" \
"FFLAGS_OMP = -fopenmp" \
"CFLAGS_OMP = -fopenmp" \
"FFLAGS_ACC =" \
"CFLAGS_ACC =" \
"PICFLAG = -fPIC" \
"BUILD_TARGET = gfortran" \
"CORE = init_atmosphere" \
"DEBUG = " \
"USE_PAPI = " \
"OPENMP = true" \
"OPENACC = " \
"CPPFLAGS =  -D_MPI" )
make[1]: Entering directory '/home/paulo.kubota/monan_linux/monan/model/sources/MONAN-Model_GPU'
NOTE: PRECISION=single is unnecessary, single is the default
Checking for mpi_f08 support...
Testing compiler for OpenMP support
mpi_f08 module detected.
cd src; make FC="/opt/ohpc/pub/mpi/openmpi4-gnu9/4.1.1/bin/mpif90" \
                 CC="/opt/ohpc/pub/mpi/openmpi4-gnu9/4.1.1/bin/mpicc" \
                 CXX="/opt/ohpc/pub/mpi/openmpi4-gnu9/4.1.1/bin/mpicxx" \
                 SFC="gfortran" \
                 SCC="gcc" \
                 LINKER="/opt/ohpc/pub/mpi/openmpi4-gnu9/4.1.1/bin/mpif90" \
                 CFLAGS="-O3 -fopenmp "-DSINGLE_PRECISION"" \
                 CXXFLAGS="-O3 -fopenmp "-DSINGLE_PRECISION"" \
                 FFLAGS="-O3 -ffree-line-length-none -fconvert=big-endian -ffree-form -fopenmp" \
                 LDFLAGS="-O3 -fopenmp" \
                 RM="rm -f" \
                 CPP="cpp -P -traditional" \
                 CPPFLAGS="-D_MPI -DCORE_INIT_ATMOSPHERE -DMPAS_NAMELIST_SUFFIX=init_atmosphere -DMPAS_EXE_NAME=init_atmosphere_model "-DMPAS_OPENMP" "-DSINGLE_PRECISION" -DMPAS_NATIVE_TIMERS -DMPAS_GIT_VERSION="unknown" -DMPAS_BUILD_TARGET=gfortran "-DMPAS_SMIOL_SUPPORT" -DMPAS_USE_MPI_F08" \
                 LIBS=" -L/home/paulo.kubota/monan_linux/monan/model/sources/MONAN-Model_GPU/src/external/SMIOL -lsmiolf -lsmiol -L/mnt/beegfs/paulo.kubota/lib/lib_gnu/netcdf/lib -lnetcdff -lnetcdf -L/mnt/beegfs/paulo.kubota/lib/lib_gnu/pnetcdf/pnetcdf-1.12.3/PnetCDF/lib -lpnetcdf" \
                 CPPINCLUDES=" -I/mnt/beegfs/paulo.kubota/lib/lib_gnu/netcdf/include -I/mnt/beegfs/paulo.kubota/lib/lib_gnu/pnetcdf/pnetcdf-1.12.3/PnetCDF/include" \
                 FCINCLUDES=" -I/home/paulo.kubota/monan_linux/monan/model/sources/MONAN-Model_GPU/src/external/SMIOL -I/mnt/beegfs/paulo.kubota/lib/lib_gnu/netcdf/include -I/mnt/beegfs/paulo.kubota/lib/lib_gnu/pnetcdf/pnetcdf-1.12.3/PnetCDF/include" \
                 CORE="init_atmosphere"\
                 AUTOCLEAN="" \
                 AUTOCLEAN_DEPS="" \
                 GEN_F90="false" \
                 NAMELIST_SUFFIX="init_atmosphere" \
                 EXE_NAME="init_atmosphere_model"
make[2]: Entering directory '/home/paulo.kubota/monan_linux/monan/model/sources/MONAN-Model_GPU/src'
( cd external; make FC="/opt/ohpc/pub/mpi/openmpi4-gnu9/4.1.1/bin/mpif90" SFC="gfortran" CC="/opt/ohpc/pub/mpi/openmpi4-gnu9/4.1.1/bin/mpicc" SCC="gcc" FFLAGS="-O3 -ffree-line-length-none -fconvert=big-endian -ffree-form -fopenmp" CFLAGS="-O3 -fopenmp -DSINGLE_PRECISION" CPP="cpp -P -traditional" NETCDF="/mnt/beegfs/paulo.kubota/lib/lib_gnu/netcdf" CORE="init_atmosphere" all )
make[3]: Entering directory '/home/paulo.kubota/monan_linux/monan/model/sources/MONAN-Model_GPU/src/external'
( cd esmf_time_f90; make FC="/opt/ohpc/pub/mpi/openmpi4-gnu9/4.1.1/bin/mpif90" FFLAGS="-O3 -ffree-line-length-none -fconvert=big-endian -ffree-form -fopenmp" CPP="cpp -P -traditional" CPPFLAGS="-D_MPI -DCORE_INIT_ATMOSPHERE -DMPAS_NAMELIST_SUFFIX=init_atmosphere -DMPAS_EXE_NAME=init_atmosphere_model -DMPAS_OPENMP -DSINGLE_PRECISION -DMPAS_NATIVE_TIMERS -DMPAS_GIT_VERSION=unknown -DMPAS_BUILD_TARGET=gfortran -DMPAS_SMIOL_SUPPORT -DMPAS_USE_MPI_F08 -DHIDE_MPI" GEN_F90=false )
( cd ezxml; make OBJFILE="ezxml.o" )
make -C SMIOL
make[4]: Entering directory '/home/paulo.kubota/monan_linux/monan/model/sources/MONAN-Model_GPU/src/external/SMIOL'
/opt/ohpc/pub/mpi/openmpi4-gnu9/4.1.1/bin/mpicc -I/mnt/beegfs/paulo.kubota/lib/lib_gnu/netcdf/include -I/mnt/beegfs/paulo.kubota/lib/lib_gnu/pnetcdf/pnetcdf-1.12.3/PnetCDF/include -DSMIOL_PNETCDF -O3 -fopenmp -DSINGLE_PRECISION -c smiol.c
/opt/ohpc/pub/mpi/openmpi4-gnu9/4.1.1/bin/mpicc -I/mnt/beegfs/paulo.kubota/lib/lib_gnu/netcdf/include -I/mnt/beegfs/paulo.kubota/lib/lib_gnu/pnetcdf/pnetcdf-1.12.3/PnetCDF/include -DSMIOL_PNETCDF -O3 -fopenmp -DSINGLE_PRECISION -c smiol_utils.c
/opt/ohpc/pub/mpi/openmpi4-gnu9/4.1.1/bin/mpif90 -I/mnt/beegfs/paulo.kubota/lib/lib_gnu/netcdf/include -I/mnt/beegfs/paulo.kubota/lib/lib_gnu/pnetcdf/pnetcdf-1.12.3/PnetCDF/include -DSMIOL_PNETCDF -O3 -ffree-line-length-none -fconvert=big-endian -ffree-form -fopenmp -c smiolf.F90
make[4]: Entering directory '/home/paulo.kubota/monan_linux/monan/model/sources/MONAN-Model_GPU/src/external/ezxml'
/opt/ohpc/pub/mpi/openmpi4-gnu9/4.1.1/bin/mpicc -O3 -fopenmp -DSINGLE_PRECISION -D_MPI -DCORE_INIT_ATMOSPHERE -DMPAS_NAMELIST_SUFFIX=init_atmosphere -DMPAS_EXE_NAME=init_atmosphere_model -DMPAS_OPENMP -DSINGLE_PRECISION -DMPAS_NATIVE_TIMERS -DMPAS_GIT_VERSION=unknown -DMPAS_BUILD_TARGET=gfortran -DMPAS_SMIOL_SUPPORT -DMPAS_USE_MPI_F08 -c ezxml.c -o ezxml.o
make[4]: Entering directory '/home/paulo.kubota/monan_linux/monan/model/sources/MONAN-Model_GPU/src/external/esmf_time_f90'
rm -f ESMF_BaseMod.o ESMF_BaseMod.mod
rm -f ESMF_FractionMod.o ESMF_FractionMod.mod
/opt/ohpc/pub/mpi/openmpi4-gnu9/4.1.1/bin/mpif90 -D_MPI -DCORE_INIT_ATMOSPHERE -DMPAS_NAMELIST_SUFFIX=init_atmosphere -DMPAS_EXE_NAME=init_atmosphere_model -DMPAS_OPENMP -DSINGLE_PRECISION -DMPAS_NATIVE_TIMERS -DMPAS_GIT_VERSION=unknown -DMPAS_BUILD_TARGET=gfortran -DMPAS_SMIOL_SUPPORT -DMPAS_USE_MPI_F08 -DHIDE_MPI -O3 -ffree-line-length-none -fconvert=big-endian -ffree-form -fopenmp -c ESMF_BaseMod.F90 -I/mnt/beegfs/paulo.kubota/lib/lib_gnu/netcdf/include -I/mnt/beegfs/paulo.kubota/lib/lib_gnu/pnetcdf/pnetcdf-1.12.3/PnetCDF/include -I/home/paulo.kubota/monan_linux/monan/model/sources/MONAN-Model_GPU/src/external/SMIOL -I/mnt/beegfs/paulo.kubota/lib/lib_gnu/netcdf/include -I/mnt/beegfs/paulo.kubota/lib/lib_gnu/pnetcdf/pnetcdf-1.12.3/PnetCDF/include -I.
/opt/ohpc/pub/mpi/openmpi4-gnu9/4.1.1/bin/mpif90 -D_MPI -DCORE_INIT_ATMOSPHERE -DMPAS_NAMELIST_SUFFIX=init_atmosphere -DMPAS_EXE_NAME=init_atmosphere_model -DMPAS_OPENMP -DSINGLE_PRECISION -DMPAS_NATIVE_TIMERS -DMPAS_GIT_VERSION=unknown -DMPAS_BUILD_TARGET=gfortran -DMPAS_SMIOL_SUPPORT -DMPAS_USE_MPI_F08 -DHIDE_MPI -O3 -ffree-line-length-none -fconvert=big-endian -ffree-form -fopenmp -c ESMF_FractionMod.F90 -I/mnt/beegfs/paulo.kubota/lib/lib_gnu/netcdf/include -I/mnt/beegfs/paulo.kubota/lib/lib_gnu/pnetcdf/pnetcdf-1.12.3/PnetCDF/include -I/home/paulo.kubota/monan_linux/monan/model/sources/MONAN-Model_GPU/src/external/SMIOL -I/mnt/beegfs/paulo.kubota/lib/lib_gnu/netcdf/include -I/mnt/beegfs/paulo.kubota/lib/lib_gnu/pnetcdf/pnetcdf-1.12.3/PnetCDF/include -I.
rm -f wrf_error_fatal.o wrf_error_fatal.mod
rm -f wrf_message.o wrf_message.mod
/opt/ohpc/pub/mpi/openmpi4-gnu9/4.1.1/bin/mpif90 -D_MPI -DCORE_INIT_ATMOSPHERE -DMPAS_NAMELIST_SUFFIX=init_atmosphere -DMPAS_EXE_NAME=init_atmosphere_model -DMPAS_OPENMP -DSINGLE_PRECISION -DMPAS_NATIVE_TIMERS -DMPAS_GIT_VERSION=unknown -DMPAS_BUILD_TARGET=gfortran -DMPAS_SMIOL_SUPPORT -DMPAS_USE_MPI_F08 -DHIDE_MPI -O3 -ffree-line-length-none -fconvert=big-endian -ffree-form -fopenmp -c wrf_message.F90 -I/mnt/beegfs/paulo.kubota/lib/lib_gnu/netcdf/include -I/mnt/beegfs/paulo.kubota/lib/lib_gnu/pnetcdf/pnetcdf-1.12.3/PnetCDF/include -I/home/paulo.kubota/monan_linux/monan/model/sources/MONAN-Model_GPU/src/external/SMIOL -I/mnt/beegfs/paulo.kubota/lib/lib_gnu/netcdf/include -I/mnt/beegfs/paulo.kubota/lib/lib_gnu/pnetcdf/pnetcdf-1.12.3/PnetCDF/include -I.
/opt/ohpc/pub/mpi/openmpi4-gnu9/4.1.1/bin/mpif90 -D_MPI -DCORE_INIT_ATMOSPHERE -DMPAS_NAMELIST_SUFFIX=init_atmosphere -DMPAS_EXE_NAME=init_atmosphere_model -DMPAS_OPENMP -DSINGLE_PRECISION -DMPAS_NATIVE_TIMERS -DMPAS_GIT_VERSION=unknown -DMPAS_BUILD_TARGET=gfortran -DMPAS_SMIOL_SUPPORT -DMPAS_USE_MPI_F08 -DHIDE_MPI -O3 -ffree-line-length-none -fconvert=big-endian -ffree-form -fopenmp -c wrf_error_fatal.F90 -I/mnt/beegfs/paulo.kubota/lib/lib_gnu/netcdf/include -I/mnt/beegfs/paulo.kubota/lib/lib_gnu/pnetcdf/pnetcdf-1.12.3/PnetCDF/include -I/home/paulo.kubota/monan_linux/monan/model/sources/MONAN-Model_GPU/src/external/SMIOL -I/mnt/beegfs/paulo.kubota/lib/lib_gnu/netcdf/include -I/mnt/beegfs/paulo.kubota/lib/lib_gnu/pnetcdf/pnetcdf-1.12.3/PnetCDF/include -I.
rm -f ESMF_BaseTimeMod.o ESMF_BaseTimeMod.mod
rm -f MeatMod.o MeatMod.mod
/opt/ohpc/pub/mpi/openmpi4-gnu9/4.1.1/bin/mpif90 -D_MPI -DCORE_INIT_ATMOSPHERE -DMPAS_NAMELIST_SUFFIX=init_atmosphere -DMPAS_EXE_NAME=init_atmosphere_model -DMPAS_OPENMP -DSINGLE_PRECISION -DMPAS_NATIVE_TIMERS -DMPAS_GIT_VERSION=unknown -DMPAS_BUILD_TARGET=gfortran -DMPAS_SMIOL_SUPPORT -DMPAS_USE_MPI_F08 -DHIDE_MPI -O3 -ffree-line-length-none -fconvert=big-endian -ffree-form -fopenmp -c MeatMod.F90 -I/mnt/beegfs/paulo.kubota/lib/lib_gnu/netcdf/include -I/mnt/beegfs/paulo.kubota/lib/lib_gnu/pnetcdf/pnetcdf-1.12.3/PnetCDF/include -I/home/paulo.kubota/monan_linux/monan/model/sources/MONAN-Model_GPU/src/external/SMIOL -I/mnt/beegfs/paulo.kubota/lib/lib_gnu/netcdf/include -I/mnt/beegfs/paulo.kubota/lib/lib_gnu/pnetcdf/pnetcdf-1.12.3/PnetCDF/include -I.
/opt/ohpc/pub/mpi/openmpi4-gnu9/4.1.1/bin/mpif90 -D_MPI -DCORE_INIT_ATMOSPHERE -DMPAS_NAMELIST_SUFFIX=init_atmosphere -DMPAS_EXE_NAME=init_atmosphere_model -DMPAS_OPENMP -DSINGLE_PRECISION -DMPAS_NATIVE_TIMERS -DMPAS_GIT_VERSION=unknown -DMPAS_BUILD_TARGET=gfortran -DMPAS_SMIOL_SUPPORT -DMPAS_USE_MPI_F08 -DHIDE_MPI -O3 -ffree-line-length-none -fconvert=big-endian -ffree-form -fopenmp -c ESMF_BaseTimeMod.F90 -I/mnt/beegfs/paulo.kubota/lib/lib_gnu/netcdf/include -I/mnt/beegfs/paulo.kubota/lib/lib_gnu/pnetcdf/pnetcdf-1.12.3/PnetCDF/include -I/home/paulo.kubota/monan_linux/monan/model/sources/MONAN-Model_GPU/src/external/SMIOL -I/mnt/beegfs/paulo.kubota/lib/lib_gnu/netcdf/include -I/mnt/beegfs/paulo.kubota/lib/lib_gnu/pnetcdf/pnetcdf-1.12.3/PnetCDF/include -I.
rm -f ESMF_CalendarMod.o ESMF_CalendarMod.mod
/opt/ohpc/pub/mpi/openmpi4-gnu9/4.1.1/bin/mpif90 -D_MPI -DCORE_INIT_ATMOSPHERE -DMPAS_NAMELIST_SUFFIX=init_atmosphere -DMPAS_EXE_NAME=init_atmosphere_model -DMPAS_OPENMP -DSINGLE_PRECISION -DMPAS_NATIVE_TIMERS -DMPAS_GIT_VERSION=unknown -DMPAS_BUILD_TARGET=gfortran -DMPAS_SMIOL_SUPPORT -DMPAS_USE_MPI_F08 -DHIDE_MPI -O3 -ffree-line-length-none -fconvert=big-endian -ffree-form -fopenmp -c ESMF_CalendarMod.F90 -I/mnt/beegfs/paulo.kubota/lib/lib_gnu/netcdf/include -I/mnt/beegfs/paulo.kubota/lib/lib_gnu/pnetcdf/pnetcdf-1.12.3/PnetCDF/include -I/home/paulo.kubota/monan_linux/monan/model/sources/MONAN-Model_GPU/src/external/SMIOL -I/mnt/beegfs/paulo.kubota/lib/lib_gnu/netcdf/include -I/mnt/beegfs/paulo.kubota/lib/lib_gnu/pnetcdf/pnetcdf-1.12.3/PnetCDF/include -I.
ar -cr libsmiol.a smiol.o smiol_utils.o
rm -f ESMF_ShrTimeMod.o ESMF_ShrTimeMod.mod
make[4]: Leaving directory '/home/paulo.kubota/monan_linux/monan/model/sources/MONAN-Model_GPU/src/external/ezxml'
rm -f ESMF_Stubs.o ESMF_Stubs.mod
/opt/ohpc/pub/mpi/openmpi4-gnu9/4.1.1/bin/mpif90 -D_MPI -DCORE_INIT_ATMOSPHERE -DMPAS_NAMELIST_SUFFIX=init_atmosphere -DMPAS_EXE_NAME=init_atmosphere_model -DMPAS_OPENMP -DSINGLE_PRECISION -DMPAS_NATIVE_TIMERS -DMPAS_GIT_VERSION=unknown -DMPAS_BUILD_TARGET=gfortran -DMPAS_SMIOL_SUPPORT -DMPAS_USE_MPI_F08 -DHIDE_MPI -O3 -ffree-line-length-none -fconvert=big-endian -ffree-form -fopenmp -c ESMF_Stubs.F90 -I/mnt/beegfs/paulo.kubota/lib/lib_gnu/netcdf/include -I/mnt/beegfs/paulo.kubota/lib/lib_gnu/pnetcdf/pnetcdf-1.12.3/PnetCDF/include -I/home/paulo.kubota/monan_linux/monan/model/sources/MONAN-Model_GPU/src/external/SMIOL -I/mnt/beegfs/paulo.kubota/lib/lib_gnu/netcdf/include -I/mnt/beegfs/paulo.kubota/lib/lib_gnu/pnetcdf/pnetcdf-1.12.3/PnetCDF/include -I.
/opt/ohpc/pub/mpi/openmpi4-gnu9/4.1.1/bin/mpif90 -D_MPI -DCORE_INIT_ATMOSPHERE -DMPAS_NAMELIST_SUFFIX=init_atmosphere -DMPAS_EXE_NAME=init_atmosphere_model -DMPAS_OPENMP -DSINGLE_PRECISION -DMPAS_NATIVE_TIMERS -DMPAS_GIT_VERSION=unknown -DMPAS_BUILD_TARGET=gfortran -DMPAS_SMIOL_SUPPORT -DMPAS_USE_MPI_F08 -DHIDE_MPI -O3 -ffree-line-length-none -fconvert=big-endian -ffree-form -fopenmp -c ESMF_ShrTimeMod.F90 -I/mnt/beegfs/paulo.kubota/lib/lib_gnu/netcdf/include -I/mnt/beegfs/paulo.kubota/lib/lib_gnu/pnetcdf/pnetcdf-1.12.3/PnetCDF/include -I/home/paulo.kubota/monan_linux/monan/model/sources/MONAN-Model_GPU/src/external/SMIOL -I/mnt/beegfs/paulo.kubota/lib/lib_gnu/netcdf/include -I/mnt/beegfs/paulo.kubota/lib/lib_gnu/pnetcdf/pnetcdf-1.12.3/PnetCDF/include -I.
rm -f ESMF_TimeIntervalMod.o ESMF_TimeIntervalMod.mod
/opt/ohpc/pub/mpi/openmpi4-gnu9/4.1.1/bin/mpif90 -D_MPI -DCORE_INIT_ATMOSPHERE -DMPAS_NAMELIST_SUFFIX=init_atmosphere -DMPAS_EXE_NAME=init_atmosphere_model -DMPAS_OPENMP -DSINGLE_PRECISION -DMPAS_NATIVE_TIMERS -DMPAS_GIT_VERSION=unknown -DMPAS_BUILD_TARGET=gfortran -DMPAS_SMIOL_SUPPORT -DMPAS_USE_MPI_F08 -DHIDE_MPI -O3 -ffree-line-length-none -fconvert=big-endian -ffree-form -fopenmp -c ESMF_TimeIntervalMod.F90 -I/mnt/beegfs/paulo.kubota/lib/lib_gnu/netcdf/include -I/mnt/beegfs/paulo.kubota/lib/lib_gnu/pnetcdf/pnetcdf-1.12.3/PnetCDF/include -I/home/paulo.kubota/monan_linux/monan/model/sources/MONAN-Model_GPU/src/external/SMIOL -I/mnt/beegfs/paulo.kubota/lib/lib_gnu/netcdf/include -I/mnt/beegfs/paulo.kubota/lib/lib_gnu/pnetcdf/pnetcdf-1.12.3/PnetCDF/include -I.
ar -cr libsmiolf.a smiolf.o
rm -f ESMF_TimeMod.o ESMF_TimeMod.mod
make[4]: Leaving directory '/home/paulo.kubota/monan_linux/monan/model/sources/MONAN-Model_GPU/src/external/SMIOL'
/opt/ohpc/pub/mpi/openmpi4-gnu9/4.1.1/bin/mpif90 -D_MPI -DCORE_INIT_ATMOSPHERE -DMPAS_NAMELIST_SUFFIX=init_atmosphere -DMPAS_EXE_NAME=init_atmosphere_model -DMPAS_OPENMP -DSINGLE_PRECISION -DMPAS_NATIVE_TIMERS -DMPAS_GIT_VERSION=unknown -DMPAS_BUILD_TARGET=gfortran -DMPAS_SMIOL_SUPPORT -DMPAS_USE_MPI_F08 -DHIDE_MPI -O3 -ffree-line-length-none -fconvert=big-endian -ffree-form -fopenmp -c ESMF_TimeMod.F90 -I/mnt/beegfs/paulo.kubota/lib/lib_gnu/netcdf/include -I/mnt/beegfs/paulo.kubota/lib/lib_gnu/pnetcdf/pnetcdf-1.12.3/PnetCDF/include -I/home/paulo.kubota/monan_linux/monan/model/sources/MONAN-Model_GPU/src/external/SMIOL -I/mnt/beegfs/paulo.kubota/lib/lib_gnu/netcdf/include -I/mnt/beegfs/paulo.kubota/lib/lib_gnu/pnetcdf/pnetcdf-1.12.3/PnetCDF/include -I.
rm -f ESMF_AlarmMod.o ESMF_AlarmMod.mod
/opt/ohpc/pub/mpi/openmpi4-gnu9/4.1.1/bin/mpif90 -D_MPI -DCORE_INIT_ATMOSPHERE -DMPAS_NAMELIST_SUFFIX=init_atmosphere -DMPAS_EXE_NAME=init_atmosphere_model -DMPAS_OPENMP -DSINGLE_PRECISION -DMPAS_NATIVE_TIMERS -DMPAS_GIT_VERSION=unknown -DMPAS_BUILD_TARGET=gfortran -DMPAS_SMIOL_SUPPORT -DMPAS_USE_MPI_F08 -DHIDE_MPI -O3 -ffree-line-length-none -fconvert=big-endian -ffree-form -fopenmp -c ESMF_AlarmMod.F90 -I/mnt/beegfs/paulo.kubota/lib/lib_gnu/netcdf/include -I/mnt/beegfs/paulo.kubota/lib/lib_gnu/pnetcdf/pnetcdf-1.12.3/PnetCDF/include -I/home/paulo.kubota/monan_linux/monan/model/sources/MONAN-Model_GPU/src/external/SMIOL -I/mnt/beegfs/paulo.kubota/lib/lib_gnu/netcdf/include -I/mnt/beegfs/paulo.kubota/lib/lib_gnu/pnetcdf/pnetcdf-1.12.3/PnetCDF/include -I.
rm -f ESMF_ClockMod.o ESMF_ClockMod.mod
/opt/ohpc/pub/mpi/openmpi4-gnu9/4.1.1/bin/mpif90 -D_MPI -DCORE_INIT_ATMOSPHERE -DMPAS_NAMELIST_SUFFIX=init_atmosphere -DMPAS_EXE_NAME=init_atmosphere_model -DMPAS_OPENMP -DSINGLE_PRECISION -DMPAS_NATIVE_TIMERS -DMPAS_GIT_VERSION=unknown -DMPAS_BUILD_TARGET=gfortran -DMPAS_SMIOL_SUPPORT -DMPAS_USE_MPI_F08 -DHIDE_MPI -O3 -ffree-line-length-none -fconvert=big-endian -ffree-form -fopenmp -c ESMF_ClockMod.F90 -I/mnt/beegfs/paulo.kubota/lib/lib_gnu/netcdf/include -I/mnt/beegfs/paulo.kubota/lib/lib_gnu/pnetcdf/pnetcdf-1.12.3/PnetCDF/include -I/home/paulo.kubota/monan_linux/monan/model/sources/MONAN-Model_GPU/src/external/SMIOL -I/mnt/beegfs/paulo.kubota/lib/lib_gnu/netcdf/include -I/mnt/beegfs/paulo.kubota/lib/lib_gnu/pnetcdf/pnetcdf-1.12.3/PnetCDF/include -I.
rm -f ESMF_AlarmClockMod.o ESMF_AlarmClockMod.mod
/opt/ohpc/pub/mpi/openmpi4-gnu9/4.1.1/bin/mpif90 -D_MPI -DCORE_INIT_ATMOSPHERE -DMPAS_NAMELIST_SUFFIX=init_atmosphere -DMPAS_EXE_NAME=init_atmosphere_model -DMPAS_OPENMP -DSINGLE_PRECISION -DMPAS_NATIVE_TIMERS -DMPAS_GIT_VERSION=unknown -DMPAS_BUILD_TARGET=gfortran -DMPAS_SMIOL_SUPPORT -DMPAS_USE_MPI_F08 -DHIDE_MPI -O3 -ffree-line-length-none -fconvert=big-endian -ffree-form -fopenmp -c ESMF_AlarmClockMod.F90 -I/mnt/beegfs/paulo.kubota/lib/lib_gnu/netcdf/include -I/mnt/beegfs/paulo.kubota/lib/lib_gnu/pnetcdf/pnetcdf-1.12.3/PnetCDF/include -I/home/paulo.kubota/monan_linux/monan/model/sources/MONAN-Model_GPU/src/external/SMIOL -I/mnt/beegfs/paulo.kubota/lib/lib_gnu/netcdf/include -I/mnt/beegfs/paulo.kubota/lib/lib_gnu/pnetcdf/pnetcdf-1.12.3/PnetCDF/include -I.
rm -f ESMF.o ESMF.mod
/opt/ohpc/pub/mpi/openmpi4-gnu9/4.1.1/bin/mpif90 -D_MPI -DCORE_INIT_ATMOSPHERE -DMPAS_NAMELIST_SUFFIX=init_atmosphere -DMPAS_EXE_NAME=init_atmosphere_model -DMPAS_OPENMP -DSINGLE_PRECISION -DMPAS_NATIVE_TIMERS -DMPAS_GIT_VERSION=unknown -DMPAS_BUILD_TARGET=gfortran -DMPAS_SMIOL_SUPPORT -DMPAS_USE_MPI_F08 -DHIDE_MPI -O3 -ffree-line-length-none -fconvert=big-endian -ffree-form -fopenmp -c ESMF.F90 -I/mnt/beegfs/paulo.kubota/lib/lib_gnu/netcdf/include -I/mnt/beegfs/paulo.kubota/lib/lib_gnu/pnetcdf/pnetcdf-1.12.3/PnetCDF/include -I/home/paulo.kubota/monan_linux/monan/model/sources/MONAN-Model_GPU/src/external/SMIOL -I/mnt/beegfs/paulo.kubota/lib/lib_gnu/netcdf/include -I/mnt/beegfs/paulo.kubota/lib/lib_gnu/pnetcdf/pnetcdf-1.12.3/PnetCDF/include -I.
ar -ru libesmf_time.a *.o
ar: creating libesmf_time.a
make[4]: Leaving directory '/home/paulo.kubota/monan_linux/monan/model/sources/MONAN-Model_GPU/src/external/esmf_time_f90'
make[3]: Leaving directory '/home/paulo.kubota/monan_linux/monan/model/sources/MONAN-Model_GPU/src/external'
( cd framework; make CPPFLAGS="-D_MPI -DCORE_INIT_ATMOSPHERE -DMPAS_NAMELIST_SUFFIX=init_atmosphere -DMPAS_EXE_NAME=init_atmosphere_model -DMPAS_OPENMP -DSINGLE_PRECISION -DMPAS_NATIVE_TIMERS -DMPAS_GIT_VERSION=unknown -DMPAS_BUILD_TARGET=gfortran -DMPAS_SMIOL_SUPPORT -DMPAS_USE_MPI_F08" CPPINCLUDES="-I/mnt/beegfs/paulo.kubota/lib/lib_gnu/netcdf/include -I/mnt/beegfs/paulo.kubota/lib/lib_gnu/pnetcdf/pnetcdf-1.12.3/PnetCDF/include" all ) 
(cd tools; make CPPFLAGS="-D_MPI -DCORE_INIT_ATMOSPHERE -DMPAS_NAMELIST_SUFFIX=init_atmosphere -DMPAS_EXE_NAME=init_atmosphere_model -DMPAS_OPENMP -DSINGLE_PRECISION -DMPAS_NATIVE_TIMERS -DMPAS_GIT_VERSION=unknown -DMPAS_BUILD_TARGET=gfortran -DMPAS_SMIOL_SUPPORT -DMPAS_USE_MPI_F08" CC="gcc" CFLAGS="-O3 -fopenmp -DSINGLE_PRECISION")
make[3]: Entering directory '/home/paulo.kubota/monan_linux/monan/model/sources/MONAN-Model_GPU/src/framework'
make[3]: Entering directory '/home/paulo.kubota/monan_linux/monan/model/sources/MONAN-Model_GPU/src/tools'
( make build_registry CPPFLAGS="-D_MPI -DCORE_INIT_ATMOSPHERE -DMPAS_NAMELIST_SUFFIX=init_atmosphere -DMPAS_EXE_NAME=init_atmosphere_model -DMPAS_OPENMP -DSINGLE_PRECISION -DMPAS_NATIVE_TIMERS -DMPAS_GIT_VERSION=unknown -DMPAS_BUILD_TARGET=gfortran -DMPAS_SMIOL_SUPPORT -DMPAS_USE_MPI_F08" CC="gcc" CFLAGS="-O3 -fopenmp -DSINGLE_PRECISION" )
make[4]: Entering directory '/home/paulo.kubota/monan_linux/monan/model/sources/MONAN-Model_GPU/src/tools'
*** Building MPAS tools from source ***
(cd registry; make CPPFLAGS="-D_MPI -DCORE_INIT_ATMOSPHERE -DMPAS_NAMELIST_SUFFIX=init_atmosphere -DMPAS_EXE_NAME=init_atmosphere_model -DMPAS_OPENMP -DSINGLE_PRECISION -DMPAS_NATIVE_TIMERS -DMPAS_GIT_VERSION=unknown -DMPAS_BUILD_TARGET=gfortran -DMPAS_SMIOL_SUPPORT -DMPAS_USE_MPI_F08" CC="gcc" CFLAGS="-O3 -fopenmp -DSINGLE_PRECISION")
rm -f mpas_kind_types.o mpas_kind_types.mod
make[5]: Entering directory '/home/paulo.kubota/monan_linux/monan/model/sources/MONAN-Model_GPU/src/tools/registry'
(cd ../../external/ezxml; make CFLAGS="-O3 -fopenmp -DSINGLE_PRECISION " OBJFILE="ezxml_tools.o")
/opt/ohpc/pub/mpi/openmpi4-gnu9/4.1.1/bin/mpif90 -D_MPI -DCORE_INIT_ATMOSPHERE -DMPAS_NAMELIST_SUFFIX=init_atmosphere -DMPAS_EXE_NAME=init_atmosphere_model -DMPAS_OPENMP -DSINGLE_PRECISION -DMPAS_NATIVE_TIMERS -DMPAS_GIT_VERSION=unknown -DMPAS_BUILD_TARGET=gfortran -DMPAS_SMIOL_SUPPORT -DMPAS_USE_MPI_F08 -O3 -ffree-line-length-none -fconvert=big-endian -ffree-form -fopenmp -c mpas_kind_types.F -I/mnt/beegfs/paulo.kubota/lib/lib_gnu/netcdf/include -I/mnt/beegfs/paulo.kubota/lib/lib_gnu/pnetcdf/pnetcdf-1.12.3/PnetCDF/include -I/home/paulo.kubota/monan_linux/monan/model/sources/MONAN-Model_GPU/src/external/SMIOL -I/mnt/beegfs/paulo.kubota/lib/lib_gnu/netcdf/include -I/mnt/beegfs/paulo.kubota/lib/lib_gnu/pnetcdf/pnetcdf-1.12.3/PnetCDF/include -I../external/esmf_time_f90
rm -f mpas_c_interfacing.o mpas_c_interfacing.mod
/opt/ohpc/pub/mpi/openmpi4-gnu9/4.1.1/bin/mpif90 -D_MPI -DCORE_INIT_ATMOSPHERE -DMPAS_NAMELIST_SUFFIX=init_atmosphere -DMPAS_EXE_NAME=init_atmosphere_model -DMPAS_OPENMP -DSINGLE_PRECISION -DMPAS_NATIVE_TIMERS -DMPAS_GIT_VERSION=unknown -DMPAS_BUILD_TARGET=gfortran -DMPAS_SMIOL_SUPPORT -DMPAS_USE_MPI_F08 -O3 -ffree-line-length-none -fconvert=big-endian -ffree-form -fopenmp -c mpas_c_interfacing.F -I/mnt/beegfs/paulo.kubota/lib/lib_gnu/netcdf/include -I/mnt/beegfs/paulo.kubota/lib/lib_gnu/pnetcdf/pnetcdf-1.12.3/PnetCDF/include -I/home/paulo.kubota/monan_linux/monan/model/sources/MONAN-Model_GPU/src/external/SMIOL -I/mnt/beegfs/paulo.kubota/lib/lib_gnu/netcdf/include -I/mnt/beegfs/paulo.kubota/lib/lib_gnu/pnetcdf/pnetcdf-1.12.3/PnetCDF/include -I../external/esmf_time_f90
rm -f mpas_string_utils.o mpas_string_utils.mod
/opt/ohpc/pub/mpi/openmpi4-gnu9/4.1.1/bin/mpicc -O3 -fopenmp -DSINGLE_PRECISION -D_MPI -DCORE_INIT_ATMOSPHERE -DMPAS_NAMELIST_SUFFIX=init_atmosphere -DMPAS_EXE_NAME=init_atmosphere_model -DMPAS_OPENMP -DSINGLE_PRECISION -DMPAS_NATIVE_TIMERS -DMPAS_GIT_VERSION=unknown -DMPAS_BUILD_TARGET=gfortran -DMPAS_SMIOL_SUPPORT -DMPAS_USE_MPI_F08 -I/mnt/beegfs/paulo.kubota/lib/lib_gnu/netcdf/include -I/mnt/beegfs/paulo.kubota/lib/lib_gnu/pnetcdf/pnetcdf-1.12.3/PnetCDF/include -I../external/ezxml -c regex_matching.c
/opt/ohpc/pub/mpi/openmpi4-gnu9/4.1.1/bin/mpif90 -D_MPI -DCORE_INIT_ATMOSPHERE -DMPAS_NAMELIST_SUFFIX=init_atmosphere -DMPAS_EXE_NAME=init_atmosphere_model -DMPAS_OPENMP -DSINGLE_PRECISION -DMPAS_NATIVE_TIMERS -DMPAS_GIT_VERSION=unknown -DMPAS_BUILD_TARGET=gfortran -DMPAS_SMIOL_SUPPORT -DMPAS_USE_MPI_F08 -O3 -ffree-line-length-none -fconvert=big-endian -ffree-form -fopenmp -c mpas_string_utils.F -I/mnt/beegfs/paulo.kubota/lib/lib_gnu/netcdf/include -I/mnt/beegfs/paulo.kubota/lib/lib_gnu/pnetcdf/pnetcdf-1.12.3/PnetCDF/include -I/home/paulo.kubota/monan_linux/monan/model/sources/MONAN-Model_GPU/src/external/SMIOL -I/mnt/beegfs/paulo.kubota/lib/lib_gnu/netcdf/include -I/mnt/beegfs/paulo.kubota/lib/lib_gnu/pnetcdf/pnetcdf-1.12.3/PnetCDF/include -I../external/esmf_time_f90
/opt/ohpc/pub/mpi/openmpi4-gnu9/4.1.1/bin/mpicc -O3 -fopenmp -DSINGLE_PRECISION -D_MPI -DCORE_INIT_ATMOSPHERE -DMPAS_NAMELIST_SUFFIX=init_atmosphere -DMPAS_EXE_NAME=init_atmosphere_model -DMPAS_OPENMP -DSINGLE_PRECISION -DMPAS_NATIVE_TIMERS -DMPAS_GIT_VERSION=unknown -DMPAS_BUILD_TARGET=gfortran -DMPAS_SMIOL_SUPPORT -DMPAS_USE_MPI_F08 -I/mnt/beegfs/paulo.kubota/lib/lib_gnu/netcdf/include -I/mnt/beegfs/paulo.kubota/lib/lib_gnu/pnetcdf/pnetcdf-1.12.3/PnetCDF/include -I../external/ezxml -c random_id.c
make[6]: Entering directory '/home/paulo.kubota/monan_linux/monan/model/sources/MONAN-Model_GPU/src/external/ezxml'
gcc -O3 -fopenmp -DSINGLE_PRECISION  -D_MPI -DCORE_INIT_ATMOSPHERE -DMPAS_NAMELIST_SUFFIX=init_atmosphere -DMPAS_EXE_NAME=init_atmosphere_model -DMPAS_OPENMP -DSINGLE_PRECISION -DMPAS_NATIVE_TIMERS -DMPAS_GIT_VERSION=unknown -DMPAS_BUILD_TARGET=gfortran -DMPAS_SMIOL_SUPPORT -DMPAS_USE_MPI_F08 -c ezxml.c -o ezxml_tools.o
/opt/ohpc/pub/mpi/openmpi4-gnu9/4.1.1/bin/mpicc -O3 -fopenmp -DSINGLE_PRECISION -D_MPI -DCORE_INIT_ATMOSPHERE -DMPAS_NAMELIST_SUFFIX=init_atmosphere -DMPAS_EXE_NAME=init_atmosphere_model -DMPAS_OPENMP -DSINGLE_PRECISION -DMPAS_NATIVE_TIMERS -DMPAS_GIT_VERSION=unknown -DMPAS_BUILD_TARGET=gfortran -DMPAS_SMIOL_SUPPORT -DMPAS_USE_MPI_F08 -I/mnt/beegfs/paulo.kubota/lib/lib_gnu/netcdf/include -I/mnt/beegfs/paulo.kubota/lib/lib_gnu/pnetcdf/pnetcdf-1.12.3/PnetCDF/include -I../external/ezxml -c pool_hash.c
/opt/ohpc/pub/mpi/openmpi4-gnu9/4.1.1/bin/mpicc -O3 -fopenmp -DSINGLE_PRECISION -D_MPI -DCORE_INIT_ATMOSPHERE -DMPAS_NAMELIST_SUFFIX=init_atmosphere -DMPAS_EXE_NAME=init_atmosphere_model -DMPAS_OPENMP -DSINGLE_PRECISION -DMPAS_NATIVE_TIMERS -DMPAS_GIT_VERSION=unknown -DMPAS_BUILD_TARGET=gfortran -DMPAS_SMIOL_SUPPORT -DMPAS_USE_MPI_F08 -I/mnt/beegfs/paulo.kubota/lib/lib_gnu/netcdf/include -I/mnt/beegfs/paulo.kubota/lib/lib_gnu/pnetcdf/pnetcdf-1.12.3/PnetCDF/include -I../external/ezxml -c xml_stream_parser.c
/opt/ohpc/pub/mpi/openmpi4-gnu9/4.1.1/bin/mpicc -O3 -fopenmp -DSINGLE_PRECISION -D_MPI -DCORE_INIT_ATMOSPHERE -DMPAS_NAMELIST_SUFFIX=init_atmosphere -DMPAS_EXE_NAME=init_atmosphere_model -DMPAS_OPENMP -DSINGLE_PRECISION -DMPAS_NATIVE_TIMERS -DMPAS_GIT_VERSION=unknown -DMPAS_BUILD_TARGET=gfortran -DMPAS_SMIOL_SUPPORT -DMPAS_USE_MPI_F08 -I/mnt/beegfs/paulo.kubota/lib/lib_gnu/netcdf/include -I/mnt/beegfs/paulo.kubota/lib/lib_gnu/pnetcdf/pnetcdf-1.12.3/PnetCDF/include -I../external/ezxml -c stream_inquiry.c
rm -f mpas_constants.o mpas_constants.mod
/opt/ohpc/pub/mpi/openmpi4-gnu9/4.1.1/bin/mpif90 -D_MPI -DCORE_INIT_ATMOSPHERE -DMPAS_NAMELIST_SUFFIX=init_atmosphere -DMPAS_EXE_NAME=init_atmosphere_model -DMPAS_OPENMP -DSINGLE_PRECISION -DMPAS_NATIVE_TIMERS -DMPAS_GIT_VERSION=unknown -DMPAS_BUILD_TARGET=gfortran -DMPAS_SMIOL_SUPPORT -DMPAS_USE_MPI_F08 -O3 -ffree-line-length-none -fconvert=big-endian -ffree-form -fopenmp -c mpas_constants.F -I/mnt/beegfs/paulo.kubota/lib/lib_gnu/netcdf/include -I/mnt/beegfs/paulo.kubota/lib/lib_gnu/pnetcdf/pnetcdf-1.12.3/PnetCDF/include -I/home/paulo.kubota/monan_linux/monan/model/sources/MONAN-Model_GPU/src/external/SMIOL -I/mnt/beegfs/paulo.kubota/lib/lib_gnu/netcdf/include -I/mnt/beegfs/paulo.kubota/lib/lib_gnu/pnetcdf/pnetcdf-1.12.3/PnetCDF/include -I../external/esmf_time_f90
rm -f mpas_io_units.o mpas_io_units.mod
rm -f mpas_threading.o mpas_threading.mod
/opt/ohpc/pub/mpi/openmpi4-gnu9/4.1.1/bin/mpif90 -D_MPI -DCORE_INIT_ATMOSPHERE -DMPAS_NAMELIST_SUFFIX=init_atmosphere -DMPAS_EXE_NAME=init_atmosphere_model -DMPAS_OPENMP -DSINGLE_PRECISION -DMPAS_NATIVE_TIMERS -DMPAS_GIT_VERSION=unknown -DMPAS_BUILD_TARGET=gfortran -DMPAS_SMIOL_SUPPORT -DMPAS_USE_MPI_F08 -O3 -ffree-line-length-none -fconvert=big-endian -ffree-form -fopenmp -c mpas_io_units.F -I/mnt/beegfs/paulo.kubota/lib/lib_gnu/netcdf/include -I/mnt/beegfs/paulo.kubota/lib/lib_gnu/pnetcdf/pnetcdf-1.12.3/PnetCDF/include -I/home/paulo.kubota/monan_linux/monan/model/sources/MONAN-Model_GPU/src/external/SMIOL -I/mnt/beegfs/paulo.kubota/lib/lib_gnu/netcdf/include -I/mnt/beegfs/paulo.kubota/lib/lib_gnu/pnetcdf/pnetcdf-1.12.3/PnetCDF/include -I../external/esmf_time_f90
/opt/ohpc/pub/mpi/openmpi4-gnu9/4.1.1/bin/mpif90 -D_MPI -DCORE_INIT_ATMOSPHERE -DMPAS_NAMELIST_SUFFIX=init_atmosphere -DMPAS_EXE_NAME=init_atmosphere_model -DMPAS_OPENMP -DSINGLE_PRECISION -DMPAS_NATIVE_TIMERS -DMPAS_GIT_VERSION=unknown -DMPAS_BUILD_TARGET=gfortran -DMPAS_SMIOL_SUPPORT -DMPAS_USE_MPI_F08 -O3 -ffree-line-length-none -fconvert=big-endian -ffree-form -fopenmp -c mpas_threading.F -I/mnt/beegfs/paulo.kubota/lib/lib_gnu/netcdf/include -I/mnt/beegfs/paulo.kubota/lib/lib_gnu/pnetcdf/pnetcdf-1.12.3/PnetCDF/include -I/home/paulo.kubota/monan_linux/monan/model/sources/MONAN-Model_GPU/src/external/SMIOL -I/mnt/beegfs/paulo.kubota/lib/lib_gnu/netcdf/include -I/mnt/beegfs/paulo.kubota/lib/lib_gnu/pnetcdf/pnetcdf-1.12.3/PnetCDF/include -I../external/esmf_time_f90
rm -f mpas_derived_types.o mpas_derived_types.mod
rm -f mpas_abort.o mpas_abort.mod
/opt/ohpc/pub/mpi/openmpi4-gnu9/4.1.1/bin/mpif90 -D_MPI -DCORE_INIT_ATMOSPHERE -DMPAS_NAMELIST_SUFFIX=init_atmosphere -DMPAS_EXE_NAME=init_atmosphere_model -DMPAS_OPENMP -DSINGLE_PRECISION -DMPAS_NATIVE_TIMERS -DMPAS_GIT_VERSION=unknown -DMPAS_BUILD_TARGET=gfortran -DMPAS_SMIOL_SUPPORT -DMPAS_USE_MPI_F08 -O3 -ffree-line-length-none -fconvert=big-endian -ffree-form -fopenmp -c mpas_derived_types.F -I/mnt/beegfs/paulo.kubota/lib/lib_gnu/netcdf/include -I/mnt/beegfs/paulo.kubota/lib/lib_gnu/pnetcdf/pnetcdf-1.12.3/PnetCDF/include -I/home/paulo.kubota/monan_linux/monan/model/sources/MONAN-Model_GPU/src/external/SMIOL -I/mnt/beegfs/paulo.kubota/lib/lib_gnu/netcdf/include -I/mnt/beegfs/paulo.kubota/lib/lib_gnu/pnetcdf/pnetcdf-1.12.3/PnetCDF/include -I../external/esmf_time_f90
/opt/ohpc/pub/mpi/openmpi4-gnu9/4.1.1/bin/mpif90 -D_MPI -DCORE_INIT_ATMOSPHERE -DMPAS_NAMELIST_SUFFIX=init_atmosphere -DMPAS_EXE_NAME=init_atmosphere_model -DMPAS_OPENMP -DSINGLE_PRECISION -DMPAS_NATIVE_TIMERS -DMPAS_GIT_VERSION=unknown -DMPAS_BUILD_TARGET=gfortran -DMPAS_SMIOL_SUPPORT -DMPAS_USE_MPI_F08 -O3 -ffree-line-length-none -fconvert=big-endian -ffree-form -fopenmp -c mpas_abort.F -I/mnt/beegfs/paulo.kubota/lib/lib_gnu/netcdf/include -I/mnt/beegfs/paulo.kubota/lib/lib_gnu/pnetcdf/pnetcdf-1.12.3/PnetCDF/include -I/home/paulo.kubota/monan_linux/monan/model/sources/MONAN-Model_GPU/src/external/SMIOL -I/mnt/beegfs/paulo.kubota/lib/lib_gnu/netcdf/include -I/mnt/beegfs/paulo.kubota/lib/lib_gnu/pnetcdf/pnetcdf-1.12.3/PnetCDF/include -I../external/esmf_time_f90
make[6]: Leaving directory '/home/paulo.kubota/monan_linux/monan/model/sources/MONAN-Model_GPU/src/external/ezxml'
#(make ezxml CPPFLAGS="-D_MPI -DCORE_INIT_ATMOSPHERE -DMPAS_NAMELIST_SUFFIX=init_atmosphere -DMPAS_EXE_NAME=init_atmosphere_model -DMPAS_OPENMP -DSINGLE_PRECISION -DMPAS_NATIVE_TIMERS -DMPAS_GIT_VERSION=unknown -DMPAS_BUILD_TARGET=gfortran -DMPAS_SMIOL_SUPPORT -DMPAS_USE_MPI_F08" CPPINCLUDES="-I/mnt/beegfs/paulo.kubota/lib/lib_gnu/netcdf/include -I/mnt/beegfs/paulo.kubota/lib/lib_gnu/pnetcdf/pnetcdf-1.12.3/PnetCDF/include")
(make parse CPPFLAGS="-D_MPI -DCORE_INIT_ATMOSPHERE -DMPAS_NAMELIST_SUFFIX=init_atmosphere -DMPAS_EXE_NAME=init_atmosphere_model -DMPAS_OPENMP -DSINGLE_PRECISION -DMPAS_NATIVE_TIMERS -DMPAS_GIT_VERSION=unknown -DMPAS_BUILD_TARGET=gfortran -DMPAS_SMIOL_SUPPORT -DMPAS_USE_MPI_F08" CPPINCLUDES="-I/mnt/beegfs/paulo.kubota/lib/lib_gnu/netcdf/include -I/mnt/beegfs/paulo.kubota/lib/lib_gnu/pnetcdf/pnetcdf-1.12.3/PnetCDF/include")
make[6]: Entering directory '/home/paulo.kubota/monan_linux/monan/model/sources/MONAN-Model_GPU/src/tools/registry'
gcc  -O3 -fopenmp -DSINGLE_PRECISION -D_MPI -DCORE_INIT_ATMOSPHERE -DMPAS_NAMELIST_SUFFIX=init_atmosphere -DMPAS_EXE_NAME=init_atmosphere_model -DMPAS_OPENMP -DSINGLE_PRECISION -DMPAS_NATIVE_TIMERS -DMPAS_GIT_VERSION=unknown -DMPAS_BUILD_TARGET=gfortran -DMPAS_SMIOL_SUPPORT -DMPAS_USE_MPI_F08 -I../../external/ezxml -c parse.c
gcc  -O3 -fopenmp -DSINGLE_PRECISION -D_MPI -DCORE_INIT_ATMOSPHERE -DMPAS_NAMELIST_SUFFIX=init_atmosphere -DMPAS_EXE_NAME=init_atmosphere_model -DMPAS_OPENMP -DSINGLE_PRECISION -DMPAS_NATIVE_TIMERS -DMPAS_GIT_VERSION=unknown -DMPAS_BUILD_TARGET=gfortran -DMPAS_SMIOL_SUPPORT -DMPAS_USE_MPI_F08 -I../../external/ezxml -c dictionary.c
gcc  -O3 -fopenmp -DSINGLE_PRECISION -D_MPI -DCORE_INIT_ATMOSPHERE -DMPAS_NAMELIST_SUFFIX=init_atmosphere -DMPAS_EXE_NAME=init_atmosphere_model -DMPAS_OPENMP -DSINGLE_PRECISION -DMPAS_NATIVE_TIMERS -DMPAS_GIT_VERSION=unknown -DMPAS_BUILD_TARGET=gfortran -DMPAS_SMIOL_SUPPORT -DMPAS_USE_MPI_F08 -I../../external/ezxml -c gen_inc.c
gcc  -O3 -fopenmp -DSINGLE_PRECISION -D_MPI -DCORE_INIT_ATMOSPHERE -DMPAS_NAMELIST_SUFFIX=init_atmosphere -DMPAS_EXE_NAME=init_atmosphere_model -DMPAS_OPENMP -DSINGLE_PRECISION -DMPAS_NATIVE_TIMERS -DMPAS_GIT_VERSION=unknown -DMPAS_BUILD_TARGET=gfortran -DMPAS_SMIOL_SUPPORT -DMPAS_USE_MPI_F08 -I../../external/ezxml -c fortprintf.c
gcc  -O3 -fopenmp -DSINGLE_PRECISION -D_MPI -DCORE_INIT_ATMOSPHERE -DMPAS_NAMELIST_SUFFIX=init_atmosphere -DMPAS_EXE_NAME=init_atmosphere_model -DMPAS_OPENMP -DSINGLE_PRECISION -DMPAS_NATIVE_TIMERS -DMPAS_GIT_VERSION=unknown -DMPAS_BUILD_TARGET=gfortran -DMPAS_SMIOL_SUPPORT -DMPAS_USE_MPI_F08 -I../../external/ezxml -c utility.c
rm -f mpas_log.o mpas_log.mod
rm -f mpas_hash.o mpas_hash.mod
rm -f mpas_attlist.o mpas_attlist.mod
/opt/ohpc/pub/mpi/openmpi4-gnu9/4.1.1/bin/mpif90 -D_MPI -DCORE_INIT_ATMOSPHERE -DMPAS_NAMELIST_SUFFIX=init_atmosphere -DMPAS_EXE_NAME=init_atmosphere_model -DMPAS_OPENMP -DSINGLE_PRECISION -DMPAS_NATIVE_TIMERS -DMPAS_GIT_VERSION=unknown -DMPAS_BUILD_TARGET=gfortran -DMPAS_SMIOL_SUPPORT -DMPAS_USE_MPI_F08 -O3 -ffree-line-length-none -fconvert=big-endian -ffree-form -fopenmp -c mpas_log.F -I/mnt/beegfs/paulo.kubota/lib/lib_gnu/netcdf/include -I/mnt/beegfs/paulo.kubota/lib/lib_gnu/pnetcdf/pnetcdf-1.12.3/PnetCDF/include -I/home/paulo.kubota/monan_linux/monan/model/sources/MONAN-Model_GPU/src/external/SMIOL -I/mnt/beegfs/paulo.kubota/lib/lib_gnu/netcdf/include -I/mnt/beegfs/paulo.kubota/lib/lib_gnu/pnetcdf/pnetcdf-1.12.3/PnetCDF/include -I../external/esmf_time_f90
/opt/ohpc/pub/mpi/openmpi4-gnu9/4.1.1/bin/mpif90 -D_MPI -DCORE_INIT_ATMOSPHERE -DMPAS_NAMELIST_SUFFIX=init_atmosphere -DMPAS_EXE_NAME=init_atmosphere_model -DMPAS_OPENMP -DSINGLE_PRECISION -DMPAS_NATIVE_TIMERS -DMPAS_GIT_VERSION=unknown -DMPAS_BUILD_TARGET=gfortran -DMPAS_SMIOL_SUPPORT -DMPAS_USE_MPI_F08 -O3 -ffree-line-length-none -fconvert=big-endian -ffree-form -fopenmp -c mpas_attlist.F -I/mnt/beegfs/paulo.kubota/lib/lib_gnu/netcdf/include -I/mnt/beegfs/paulo.kubota/lib/lib_gnu/pnetcdf/pnetcdf-1.12.3/PnetCDF/include -I/home/paulo.kubota/monan_linux/monan/model/sources/MONAN-Model_GPU/src/external/SMIOL -I/mnt/beegfs/paulo.kubota/lib/lib_gnu/netcdf/include -I/mnt/beegfs/paulo.kubota/lib/lib_gnu/pnetcdf/pnetcdf-1.12.3/PnetCDF/include -I../external/esmf_time_f90
/opt/ohpc/pub/mpi/openmpi4-gnu9/4.1.1/bin/mpif90 -D_MPI -DCORE_INIT_ATMOSPHERE -DMPAS_NAMELIST_SUFFIX=init_atmosphere -DMPAS_EXE_NAME=init_atmosphere_model -DMPAS_OPENMP -DSINGLE_PRECISION -DMPAS_NATIVE_TIMERS -DMPAS_GIT_VERSION=unknown -DMPAS_BUILD_TARGET=gfortran -DMPAS_SMIOL_SUPPORT -DMPAS_USE_MPI_F08 -O3 -ffree-line-length-none -fconvert=big-endian -ffree-form -fopenmp -c mpas_hash.F -I/mnt/beegfs/paulo.kubota/lib/lib_gnu/netcdf/include -I/mnt/beegfs/paulo.kubota/lib/lib_gnu/pnetcdf/pnetcdf-1.12.3/PnetCDF/include -I/home/paulo.kubota/monan_linux/monan/model/sources/MONAN-Model_GPU/src/external/SMIOL -I/mnt/beegfs/paulo.kubota/lib/lib_gnu/netcdf/include -I/mnt/beegfs/paulo.kubota/lib/lib_gnu/pnetcdf/pnetcdf-1.12.3/PnetCDF/include -I../external/esmf_time_f90
gcc -D_MPI -DCORE_INIT_ATMOSPHERE -DMPAS_NAMELIST_SUFFIX=init_atmosphere -DMPAS_EXE_NAME=init_atmosphere_model -DMPAS_OPENMP -DSINGLE_PRECISION -DMPAS_NATIVE_TIMERS -DMPAS_GIT_VERSION=unknown -DMPAS_BUILD_TARGET=gfortran -DMPAS_SMIOL_SUPPORT -DMPAS_USE_MPI_F08 -O3 -fopenmp -DSINGLE_PRECISION ../../external/ezxml/ezxml_tools.o -I../../external/ezxml -o parse parse.o dictionary.o gen_inc.o fortprintf.o utility.o
rm -f mpas_field_routines.o mpas_field_routines.mod
/opt/ohpc/pub/mpi/openmpi4-gnu9/4.1.1/bin/mpif90 -D_MPI -DCORE_INIT_ATMOSPHERE -DMPAS_NAMELIST_SUFFIX=init_atmosphere -DMPAS_EXE_NAME=init_atmosphere_model -DMPAS_OPENMP -DSINGLE_PRECISION -DMPAS_NATIVE_TIMERS -DMPAS_GIT_VERSION=unknown -DMPAS_BUILD_TARGET=gfortran -DMPAS_SMIOL_SUPPORT -DMPAS_USE_MPI_F08 -O3 -ffree-line-length-none -fconvert=big-endian -ffree-form -fopenmp -c mpas_field_routines.F -I/mnt/beegfs/paulo.kubota/lib/lib_gnu/netcdf/include -I/mnt/beegfs/paulo.kubota/lib/lib_gnu/pnetcdf/pnetcdf-1.12.3/PnetCDF/include -I/home/paulo.kubota/monan_linux/monan/model/sources/MONAN-Model_GPU/src/external/SMIOL -I/mnt/beegfs/paulo.kubota/lib/lib_gnu/netcdf/include -I/mnt/beegfs/paulo.kubota/lib/lib_gnu/pnetcdf/pnetcdf-1.12.3/PnetCDF/include -I../external/esmf_time_f90
make[6]: Leaving directory '/home/paulo.kubota/monan_linux/monan/model/sources/MONAN-Model_GPU/src/tools/registry'
make[5]: Leaving directory '/home/paulo.kubota/monan_linux/monan/model/sources/MONAN-Model_GPU/src/tools/registry'
make[4]: Leaving directory '/home/paulo.kubota/monan_linux/monan/model/sources/MONAN-Model_GPU/src/tools'
( make build_input_gen CPPFLAGS="-D_MPI -DCORE_INIT_ATMOSPHERE -DMPAS_NAMELIST_SUFFIX=init_atmosphere -DMPAS_EXE_NAME=init_atmosphere_model -DMPAS_OPENMP -DSINGLE_PRECISION -DMPAS_NATIVE_TIMERS -DMPAS_GIT_VERSION=unknown -DMPAS_BUILD_TARGET=gfortran -DMPAS_SMIOL_SUPPORT -DMPAS_USE_MPI_F08" CC="gcc" CFLAGS="-O3 -fopenmp -DSINGLE_PRECISION" )
make[4]: Entering directory '/home/paulo.kubota/monan_linux/monan/model/sources/MONAN-Model_GPU/src/tools'
*** Building MPAS tools from source ***
(cd input_gen; make CPPFLAGS="-D_MPI -DCORE_INIT_ATMOSPHERE -DMPAS_NAMELIST_SUFFIX=init_atmosphere -DMPAS_EXE_NAME=init_atmosphere_model -DMPAS_OPENMP -DSINGLE_PRECISION -DMPAS_NATIVE_TIMERS -DMPAS_GIT_VERSION=unknown -DMPAS_BUILD_TARGET=gfortran -DMPAS_SMIOL_SUPPORT -DMPAS_USE_MPI_F08" CC="gcc" CFLAGS="-O3 -fopenmp -DSINGLE_PRECISION")
make[5]: Entering directory '/home/paulo.kubota/monan_linux/monan/model/sources/MONAN-Model_GPU/src/tools/input_gen'
(cd ../../external/ezxml; make CFLAGS="-O3 -fopenmp -DSINGLE_PRECISION " OBJFILE="ezxml_tools.o")
make[6]: Entering directory '/home/paulo.kubota/monan_linux/monan/model/sources/MONAN-Model_GPU/src/external/ezxml'
make[6]: 'ezxml_tools.o' is up to date.
make[6]: Leaving directory '/home/paulo.kubota/monan_linux/monan/model/sources/MONAN-Model_GPU/src/external/ezxml'
(make -j 1 namelist_gen CPPFLAGS="-D_MPI -DCORE_INIT_ATMOSPHERE -DMPAS_NAMELIST_SUFFIX=init_atmosphere -DMPAS_EXE_NAME=init_atmosphere_model -DMPAS_OPENMP -DSINGLE_PRECISION -DMPAS_NATIVE_TIMERS -DMPAS_GIT_VERSION=unknown -DMPAS_BUILD_TARGET=gfortran -DMPAS_SMIOL_SUPPORT -DMPAS_USE_MPI_F08" CPPINCLUDES="-I/mnt/beegfs/paulo.kubota/lib/lib_gnu/netcdf/include -I/mnt/beegfs/paulo.kubota/lib/lib_gnu/pnetcdf/pnetcdf-1.12.3/PnetCDF/include")
make[6]: Entering directory '/home/paulo.kubota/monan_linux/monan/model/sources/MONAN-Model_GPU/src/tools/input_gen'
make[6]: warning: -jN forced in submake: disabling jobserver mode.
(cd ../../external/ezxml; make CFLAGS="-O3 -fopenmp -DSINGLE_PRECISION " OBJFILE="ezxml_tools.o")
make[7]: Entering directory '/home/paulo.kubota/monan_linux/monan/model/sources/MONAN-Model_GPU/src/external/ezxml'
make[7]: 'ezxml_tools.o' is up to date.
make[7]: Leaving directory '/home/paulo.kubota/monan_linux/monan/model/sources/MONAN-Model_GPU/src/external/ezxml'
gcc  -O3 -fopenmp -DSINGLE_PRECISION -D_MPI -DCORE_INIT_ATMOSPHERE -DMPAS_NAMELIST_SUFFIX=init_atmosphere -DMPAS_EXE_NAME=init_atmosphere_model -DMPAS_OPENMP -DSINGLE_PRECISION -DMPAS_NATIVE_TIMERS -DMPAS_GIT_VERSION=unknown -DMPAS_BUILD_TARGET=gfortran -DMPAS_SMIOL_SUPPORT -DMPAS_USE_MPI_F08 -I../../external/ezxml -c namelist_gen.c
rm -f mpas_sort.o mpas_sort.mod
rm -f mpas_stream_inquiry.o mpas_stream_inquiry.mod
/opt/ohpc/pub/mpi/openmpi4-gnu9/4.1.1/bin/mpif90 -D_MPI -DCORE_INIT_ATMOSPHERE -DMPAS_NAMELIST_SUFFIX=init_atmosphere -DMPAS_EXE_NAME=init_atmosphere_model -DMPAS_OPENMP -DSINGLE_PRECISION -DMPAS_NATIVE_TIMERS -DMPAS_GIT_VERSION=unknown -DMPAS_BUILD_TARGET=gfortran -DMPAS_SMIOL_SUPPORT -DMPAS_USE_MPI_F08 -O3 -ffree-line-length-none -fconvert=big-endian -ffree-form -fopenmp -c mpas_sort.F -I/mnt/beegfs/paulo.kubota/lib/lib_gnu/netcdf/include -I/mnt/beegfs/paulo.kubota/lib/lib_gnu/pnetcdf/pnetcdf-1.12.3/PnetCDF/include -I/home/paulo.kubota/monan_linux/monan/model/sources/MONAN-Model_GPU/src/external/SMIOL -I/mnt/beegfs/paulo.kubota/lib/lib_gnu/netcdf/include -I/mnt/beegfs/paulo.kubota/lib/lib_gnu/pnetcdf/pnetcdf-1.12.3/PnetCDF/include -I../external/esmf_time_f90
/opt/ohpc/pub/mpi/openmpi4-gnu9/4.1.1/bin/mpif90 -D_MPI -DCORE_INIT_ATMOSPHERE -DMPAS_NAMELIST_SUFFIX=init_atmosphere -DMPAS_EXE_NAME=init_atmosphere_model -DMPAS_OPENMP -DSINGLE_PRECISION -DMPAS_NATIVE_TIMERS -DMPAS_GIT_VERSION=unknown -DMPAS_BUILD_TARGET=gfortran -DMPAS_SMIOL_SUPPORT -DMPAS_USE_MPI_F08 -O3 -ffree-line-length-none -fconvert=big-endian -ffree-form -fopenmp -c mpas_stream_inquiry.F -I/mnt/beegfs/paulo.kubota/lib/lib_gnu/netcdf/include -I/mnt/beegfs/paulo.kubota/lib/lib_gnu/pnetcdf/pnetcdf-1.12.3/PnetCDF/include -I/home/paulo.kubota/monan_linux/monan/model/sources/MONAN-Model_GPU/src/external/SMIOL -I/mnt/beegfs/paulo.kubota/lib/lib_gnu/netcdf/include -I/mnt/beegfs/paulo.kubota/lib/lib_gnu/pnetcdf/pnetcdf-1.12.3/PnetCDF/include -I../external/esmf_time_f90
gcc  -O3 -fopenmp -DSINGLE_PRECISION -D_MPI -DCORE_INIT_ATMOSPHERE -DMPAS_NAMELIST_SUFFIX=init_atmosphere -DMPAS_EXE_NAME=init_atmosphere_model -DMPAS_OPENMP -DSINGLE_PRECISION -DMPAS_NATIVE_TIMERS -DMPAS_GIT_VERSION=unknown -DMPAS_BUILD_TARGET=gfortran -DMPAS_SMIOL_SUPPORT -DMPAS_USE_MPI_F08 -I../../external/ezxml -c test_functions.c
gcc -D_MPI -DCORE_INIT_ATMOSPHERE -DMPAS_NAMELIST_SUFFIX=init_atmosphere -DMPAS_EXE_NAME=init_atmosphere_model -DMPAS_OPENMP -DSINGLE_PRECISION -DMPAS_NATIVE_TIMERS -DMPAS_GIT_VERSION=unknown -DMPAS_BUILD_TARGET=gfortran -DMPAS_SMIOL_SUPPORT -DMPAS_USE_MPI_F08 -O3 -fopenmp -DSINGLE_PRECISION -I../../external/ezxml -o namelist_gen namelist_gen.o test_functions.o ../../external/ezxml/ezxml_tools.o
make[6]: Leaving directory '/home/paulo.kubota/monan_linux/monan/model/sources/MONAN-Model_GPU/src/tools/input_gen'
(make -j 1 streams_gen CPPFLAGS="-D_MPI -DCORE_INIT_ATMOSPHERE -DMPAS_NAMELIST_SUFFIX=init_atmosphere -DMPAS_EXE_NAME=init_atmosphere_model -DMPAS_OPENMP -DSINGLE_PRECISION -DMPAS_NATIVE_TIMERS -DMPAS_GIT_VERSION=unknown -DMPAS_BUILD_TARGET=gfortran -DMPAS_SMIOL_SUPPORT -DMPAS_USE_MPI_F08" CPPINCLUDES="-I/mnt/beegfs/paulo.kubota/lib/lib_gnu/netcdf/include -I/mnt/beegfs/paulo.kubota/lib/lib_gnu/pnetcdf/pnetcdf-1.12.3/PnetCDF/include")
make[6]: Entering directory '/home/paulo.kubota/monan_linux/monan/model/sources/MONAN-Model_GPU/src/tools/input_gen'
make[6]: warning: -jN forced in submake: disabling jobserver mode.
(cd ../../external/ezxml; make CFLAGS="-O3 -fopenmp -DSINGLE_PRECISION " OBJFILE="ezxml_tools.o")
make[7]: Entering directory '/home/paulo.kubota/monan_linux/monan/model/sources/MONAN-Model_GPU/src/external/ezxml'
make[7]: 'ezxml_tools.o' is up to date.
make[7]: Leaving directory '/home/paulo.kubota/monan_linux/monan/model/sources/MONAN-Model_GPU/src/external/ezxml'
gcc  -O3 -fopenmp -DSINGLE_PRECISION -D_MPI -DCORE_INIT_ATMOSPHERE -DMPAS_NAMELIST_SUFFIX=init_atmosphere -DMPAS_EXE_NAME=init_atmosphere_model -DMPAS_OPENMP -DSINGLE_PRECISION -DMPAS_NATIVE_TIMERS -DMPAS_GIT_VERSION=unknown -DMPAS_BUILD_TARGET=gfortran -DMPAS_SMIOL_SUPPORT -DMPAS_USE_MPI_F08 -I../../external/ezxml -c streams_gen.c
gcc -D_MPI -DCORE_INIT_ATMOSPHERE -DMPAS_NAMELIST_SUFFIX=init_atmosphere -DMPAS_EXE_NAME=init_atmosphere_model -DMPAS_OPENMP -DSINGLE_PRECISION -DMPAS_NATIVE_TIMERS -DMPAS_GIT_VERSION=unknown -DMPAS_BUILD_TARGET=gfortran -DMPAS_SMIOL_SUPPORT -DMPAS_USE_MPI_F08 -O3 -fopenmp -DSINGLE_PRECISION -I../../external/ezxml -o streams_gen streams_gen.o test_functions.o ../../external/ezxml/ezxml_tools.o
make[6]: Leaving directory '/home/paulo.kubota/monan_linux/monan/model/sources/MONAN-Model_GPU/src/tools/input_gen'
make[5]: Leaving directory '/home/paulo.kubota/monan_linux/monan/model/sources/MONAN-Model_GPU/src/tools/input_gen'
make[4]: Leaving directory '/home/paulo.kubota/monan_linux/monan/model/sources/MONAN-Model_GPU/src/tools'
make[3]: Leaving directory '/home/paulo.kubota/monan_linux/monan/model/sources/MONAN-Model_GPU/src/tools'
rm -f mpas_pool_routines.o mpas_pool_routines.mod
/opt/ohpc/pub/mpi/openmpi4-gnu9/4.1.1/bin/mpif90 -D_MPI -DCORE_INIT_ATMOSPHERE -DMPAS_NAMELIST_SUFFIX=init_atmosphere -DMPAS_EXE_NAME=init_atmosphere_model -DMPAS_OPENMP -DSINGLE_PRECISION -DMPAS_NATIVE_TIMERS -DMPAS_GIT_VERSION=unknown -DMPAS_BUILD_TARGET=gfortran -DMPAS_SMIOL_SUPPORT -DMPAS_USE_MPI_F08 -O3 -ffree-line-length-none -fconvert=big-endian -ffree-form -fopenmp -c mpas_pool_routines.F -I/mnt/beegfs/paulo.kubota/lib/lib_gnu/netcdf/include -I/mnt/beegfs/paulo.kubota/lib/lib_gnu/pnetcdf/pnetcdf-1.12.3/PnetCDF/include -I/home/paulo.kubota/monan_linux/monan/model/sources/MONAN-Model_GPU/src/external/SMIOL -I/mnt/beegfs/paulo.kubota/lib/lib_gnu/netcdf/include -I/mnt/beegfs/paulo.kubota/lib/lib_gnu/pnetcdf/pnetcdf-1.12.3/PnetCDF/include -I../external/esmf_time_f90
rm -f mpas_dmpar.o mpas_dmpar.mod
rm -f mpas_halo.o mpas_halo.mod
/opt/ohpc/pub/mpi/openmpi4-gnu9/4.1.1/bin/mpif90 -D_MPI -DCORE_INIT_ATMOSPHERE -DMPAS_NAMELIST_SUFFIX=init_atmosphere -DMPAS_EXE_NAME=init_atmosphere_model -DMPAS_OPENMP -DSINGLE_PRECISION -DMPAS_NATIVE_TIMERS -DMPAS_GIT_VERSION=unknown -DMPAS_BUILD_TARGET=gfortran -DMPAS_SMIOL_SUPPORT -DMPAS_USE_MPI_F08 -O3 -ffree-line-length-none -fconvert=big-endian -ffree-form -fopenmp -c mpas_dmpar.F -I/mnt/beegfs/paulo.kubota/lib/lib_gnu/netcdf/include -I/mnt/beegfs/paulo.kubota/lib/lib_gnu/pnetcdf/pnetcdf-1.12.3/PnetCDF/include -I/home/paulo.kubota/monan_linux/monan/model/sources/MONAN-Model_GPU/src/external/SMIOL -I/mnt/beegfs/paulo.kubota/lib/lib_gnu/netcdf/include -I/mnt/beegfs/paulo.kubota/lib/lib_gnu/pnetcdf/pnetcdf-1.12.3/PnetCDF/include -I../external/esmf_time_f90
/opt/ohpc/pub/mpi/openmpi4-gnu9/4.1.1/bin/mpif90 -D_MPI -DCORE_INIT_ATMOSPHERE -DMPAS_NAMELIST_SUFFIX=init_atmosphere -DMPAS_EXE_NAME=init_atmosphere_model -DMPAS_OPENMP -DSINGLE_PRECISION -DMPAS_NATIVE_TIMERS -DMPAS_GIT_VERSION=unknown -DMPAS_BUILD_TARGET=gfortran -DMPAS_SMIOL_SUPPORT -DMPAS_USE_MPI_F08 -O3 -ffree-line-length-none -fconvert=big-endian -ffree-form -fopenmp -c mpas_halo.F -I/mnt/beegfs/paulo.kubota/lib/lib_gnu/netcdf/include -I/mnt/beegfs/paulo.kubota/lib/lib_gnu/pnetcdf/pnetcdf-1.12.3/PnetCDF/include -I/home/paulo.kubota/monan_linux/monan/model/sources/MONAN-Model_GPU/src/external/SMIOL -I/mnt/beegfs/paulo.kubota/lib/lib_gnu/netcdf/include -I/mnt/beegfs/paulo.kubota/lib/lib_gnu/pnetcdf/pnetcdf-1.12.3/PnetCDF/include -I../external/esmf_time_f90
rm -f mpas_io.o mpas_io.mod
rm -f mpas_domain_routines.o mpas_domain_routines.mod
rm -f mpas_timer.o mpas_timer.mod
rm -f mpas_block_decomp.o mpas_block_decomp.mod
rm -f mpas_timekeeping.o mpas_timekeeping.mod
/opt/ohpc/pub/mpi/openmpi4-gnu9/4.1.1/bin/mpif90 -D_MPI -DCORE_INIT_ATMOSPHERE -DMPAS_NAMELIST_SUFFIX=init_atmosphere -DMPAS_EXE_NAME=init_atmosphere_model -DMPAS_OPENMP -DSINGLE_PRECISION -DMPAS_NATIVE_TIMERS -DMPAS_GIT_VERSION=unknown -DMPAS_BUILD_TARGET=gfortran -DMPAS_SMIOL_SUPPORT -DMPAS_USE_MPI_F08 -O3 -ffree-line-length-none -fconvert=big-endian -ffree-form -fopenmp -c mpas_io.F -I/mnt/beegfs/paulo.kubota/lib/lib_gnu/netcdf/include -I/mnt/beegfs/paulo.kubota/lib/lib_gnu/pnetcdf/pnetcdf-1.12.3/PnetCDF/include -I/home/paulo.kubota/monan_linux/monan/model/sources/MONAN-Model_GPU/src/external/SMIOL -I/mnt/beegfs/paulo.kubota/lib/lib_gnu/netcdf/include -I/mnt/beegfs/paulo.kubota/lib/lib_gnu/pnetcdf/pnetcdf-1.12.3/PnetCDF/include -I../external/esmf_time_f90
/opt/ohpc/pub/mpi/openmpi4-gnu9/4.1.1/bin/mpif90 -D_MPI -DCORE_INIT_ATMOSPHERE -DMPAS_NAMELIST_SUFFIX=init_atmosphere -DMPAS_EXE_NAME=init_atmosphere_model -DMPAS_OPENMP -DSINGLE_PRECISION -DMPAS_NATIVE_TIMERS -DMPAS_GIT_VERSION=unknown -DMPAS_BUILD_TARGET=gfortran -DMPAS_SMIOL_SUPPORT -DMPAS_USE_MPI_F08 -O3 -ffree-line-length-none -fconvert=big-endian -ffree-form -fopenmp -c mpas_domain_routines.F -I/mnt/beegfs/paulo.kubota/lib/lib_gnu/netcdf/include -I/mnt/beegfs/paulo.kubota/lib/lib_gnu/pnetcdf/pnetcdf-1.12.3/PnetCDF/include -I/home/paulo.kubota/monan_linux/monan/model/sources/MONAN-Model_GPU/src/external/SMIOL -I/mnt/beegfs/paulo.kubota/lib/lib_gnu/netcdf/include -I/mnt/beegfs/paulo.kubota/lib/lib_gnu/pnetcdf/pnetcdf-1.12.3/PnetCDF/include -I../external/esmf_time_f90
/opt/ohpc/pub/mpi/openmpi4-gnu9/4.1.1/bin/mpif90 -D_MPI -DCORE_INIT_ATMOSPHERE -DMPAS_NAMELIST_SUFFIX=init_atmosphere -DMPAS_EXE_NAME=init_atmosphere_model -DMPAS_OPENMP -DSINGLE_PRECISION -DMPAS_NATIVE_TIMERS -DMPAS_GIT_VERSION=unknown -DMPAS_BUILD_TARGET=gfortran -DMPAS_SMIOL_SUPPORT -DMPAS_USE_MPI_F08 -O3 -ffree-line-length-none -fconvert=big-endian -ffree-form -fopenmp -c mpas_timer.F -I/mnt/beegfs/paulo.kubota/lib/lib_gnu/netcdf/include -I/mnt/beegfs/paulo.kubota/lib/lib_gnu/pnetcdf/pnetcdf-1.12.3/PnetCDF/include -I/home/paulo.kubota/monan_linux/monan/model/sources/MONAN-Model_GPU/src/external/SMIOL -I/mnt/beegfs/paulo.kubota/lib/lib_gnu/netcdf/include -I/mnt/beegfs/paulo.kubota/lib/lib_gnu/pnetcdf/pnetcdf-1.12.3/PnetCDF/include -I../external/esmf_time_f90
/opt/ohpc/pub/mpi/openmpi4-gnu9/4.1.1/bin/mpif90 -D_MPI -DCORE_INIT_ATMOSPHERE -DMPAS_NAMELIST_SUFFIX=init_atmosphere -DMPAS_EXE_NAME=init_atmosphere_model -DMPAS_OPENMP -DSINGLE_PRECISION -DMPAS_NATIVE_TIMERS -DMPAS_GIT_VERSION=unknown -DMPAS_BUILD_TARGET=gfortran -DMPAS_SMIOL_SUPPORT -DMPAS_USE_MPI_F08 -O3 -ffree-line-length-none -fconvert=big-endian -ffree-form -fopenmp -c mpas_block_decomp.F -I/mnt/beegfs/paulo.kubota/lib/lib_gnu/netcdf/include -I/mnt/beegfs/paulo.kubota/lib/lib_gnu/pnetcdf/pnetcdf-1.12.3/PnetCDF/include -I/home/paulo.kubota/monan_linux/monan/model/sources/MONAN-Model_GPU/src/external/SMIOL -I/mnt/beegfs/paulo.kubota/lib/lib_gnu/netcdf/include -I/mnt/beegfs/paulo.kubota/lib/lib_gnu/pnetcdf/pnetcdf-1.12.3/PnetCDF/include -I../external/esmf_time_f90
/opt/ohpc/pub/mpi/openmpi4-gnu9/4.1.1/bin/mpif90 -D_MPI -DCORE_INIT_ATMOSPHERE -DMPAS_NAMELIST_SUFFIX=init_atmosphere -DMPAS_EXE_NAME=init_atmosphere_model -DMPAS_OPENMP -DSINGLE_PRECISION -DMPAS_NATIVE_TIMERS -DMPAS_GIT_VERSION=unknown -DMPAS_BUILD_TARGET=gfortran -DMPAS_SMIOL_SUPPORT -DMPAS_USE_MPI_F08 -O3 -ffree-line-length-none -fconvert=big-endian -ffree-form -fopenmp -c mpas_timekeeping.F -I/mnt/beegfs/paulo.kubota/lib/lib_gnu/netcdf/include -I/mnt/beegfs/paulo.kubota/lib/lib_gnu/pnetcdf/pnetcdf-1.12.3/PnetCDF/include -I/home/paulo.kubota/monan_linux/monan/model/sources/MONAN-Model_GPU/src/external/SMIOL -I/mnt/beegfs/paulo.kubota/lib/lib_gnu/netcdf/include -I/mnt/beegfs/paulo.kubota/lib/lib_gnu/pnetcdf/pnetcdf-1.12.3/PnetCDF/include -I../external/esmf_time_f90
rm -f mpas_io_streams.o mpas_io_streams.mod
/opt/ohpc/pub/mpi/openmpi4-gnu9/4.1.1/bin/mpif90 -D_MPI -DCORE_INIT_ATMOSPHERE -DMPAS_NAMELIST_SUFFIX=init_atmosphere -DMPAS_EXE_NAME=init_atmosphere_model -DMPAS_OPENMP -DSINGLE_PRECISION -DMPAS_NATIVE_TIMERS -DMPAS_GIT_VERSION=unknown -DMPAS_BUILD_TARGET=gfortran -DMPAS_SMIOL_SUPPORT -DMPAS_USE_MPI_F08 -O3 -ffree-line-length-none -fconvert=big-endian -ffree-form -fopenmp -c mpas_io_streams.F -I/mnt/beegfs/paulo.kubota/lib/lib_gnu/netcdf/include -I/mnt/beegfs/paulo.kubota/lib/lib_gnu/pnetcdf/pnetcdf-1.12.3/PnetCDF/include -I/home/paulo.kubota/monan_linux/monan/model/sources/MONAN-Model_GPU/src/external/SMIOL -I/mnt/beegfs/paulo.kubota/lib/lib_gnu/netcdf/include -I/mnt/beegfs/paulo.kubota/lib/lib_gnu/pnetcdf/pnetcdf-1.12.3/PnetCDF/include -I../external/esmf_time_f90
rm -f mpas_stream_list.o mpas_stream_list.mod
/opt/ohpc/pub/mpi/openmpi4-gnu9/4.1.1/bin/mpif90 -D_MPI -DCORE_INIT_ATMOSPHERE -DMPAS_NAMELIST_SUFFIX=init_atmosphere -DMPAS_EXE_NAME=init_atmosphere_model -DMPAS_OPENMP -DSINGLE_PRECISION -DMPAS_NATIVE_TIMERS -DMPAS_GIT_VERSION=unknown -DMPAS_BUILD_TARGET=gfortran -DMPAS_SMIOL_SUPPORT -DMPAS_USE_MPI_F08 -O3 -ffree-line-length-none -fconvert=big-endian -ffree-form -fopenmp -c mpas_stream_list.F -I/mnt/beegfs/paulo.kubota/lib/lib_gnu/netcdf/include -I/mnt/beegfs/paulo.kubota/lib/lib_gnu/pnetcdf/pnetcdf-1.12.3/PnetCDF/include -I/home/paulo.kubota/monan_linux/monan/model/sources/MONAN-Model_GPU/src/external/SMIOL -I/mnt/beegfs/paulo.kubota/lib/lib_gnu/netcdf/include -I/mnt/beegfs/paulo.kubota/lib/lib_gnu/pnetcdf/pnetcdf-1.12.3/PnetCDF/include -I../external/esmf_time_f90
rm -f mpas_stream_manager.o mpas_stream_manager.mod
/opt/ohpc/pub/mpi/openmpi4-gnu9/4.1.1/bin/mpif90 -D_MPI -DCORE_INIT_ATMOSPHERE -DMPAS_NAMELIST_SUFFIX=init_atmosphere -DMPAS_EXE_NAME=init_atmosphere_model -DMPAS_OPENMP -DSINGLE_PRECISION -DMPAS_NATIVE_TIMERS -DMPAS_GIT_VERSION=unknown -DMPAS_BUILD_TARGET=gfortran -DMPAS_SMIOL_SUPPORT -DMPAS_USE_MPI_F08 -O3 -ffree-line-length-none -fconvert=big-endian -ffree-form -fopenmp -c mpas_stream_manager.F -I/mnt/beegfs/paulo.kubota/lib/lib_gnu/netcdf/include -I/mnt/beegfs/paulo.kubota/lib/lib_gnu/pnetcdf/pnetcdf-1.12.3/PnetCDF/include -I/home/paulo.kubota/monan_linux/monan/model/sources/MONAN-Model_GPU/src/external/SMIOL -I/mnt/beegfs/paulo.kubota/lib/lib_gnu/netcdf/include -I/mnt/beegfs/paulo.kubota/lib/lib_gnu/pnetcdf/pnetcdf-1.12.3/PnetCDF/include -I../external/esmf_time_f90
rm -f mpas_framework.o mpas_framework.mod
rm -f mpas_decomp.o mpas_decomp.mod
rm -f mpas_forcing.o mpas_forcing.mod
/opt/ohpc/pub/mpi/openmpi4-gnu9/4.1.1/bin/mpif90 -D_MPI -DCORE_INIT_ATMOSPHERE -DMPAS_NAMELIST_SUFFIX=init_atmosphere -DMPAS_EXE_NAME=init_atmosphere_model -DMPAS_OPENMP -DSINGLE_PRECISION -DMPAS_NATIVE_TIMERS -DMPAS_GIT_VERSION=unknown -DMPAS_BUILD_TARGET=gfortran -DMPAS_SMIOL_SUPPORT -DMPAS_USE_MPI_F08 -O3 -ffree-line-length-none -fconvert=big-endian -ffree-form -fopenmp -c mpas_framework.F -I/mnt/beegfs/paulo.kubota/lib/lib_gnu/netcdf/include -I/mnt/beegfs/paulo.kubota/lib/lib_gnu/pnetcdf/pnetcdf-1.12.3/PnetCDF/include -I/home/paulo.kubota/monan_linux/monan/model/sources/MONAN-Model_GPU/src/external/SMIOL -I/mnt/beegfs/paulo.kubota/lib/lib_gnu/netcdf/include -I/mnt/beegfs/paulo.kubota/lib/lib_gnu/pnetcdf/pnetcdf-1.12.3/PnetCDF/include -I../external/esmf_time_f90
/opt/ohpc/pub/mpi/openmpi4-gnu9/4.1.1/bin/mpif90 -D_MPI -DCORE_INIT_ATMOSPHERE -DMPAS_NAMELIST_SUFFIX=init_atmosphere -DMPAS_EXE_NAME=init_atmosphere_model -DMPAS_OPENMP -DSINGLE_PRECISION -DMPAS_NATIVE_TIMERS -DMPAS_GIT_VERSION=unknown -DMPAS_BUILD_TARGET=gfortran -DMPAS_SMIOL_SUPPORT -DMPAS_USE_MPI_F08 -O3 -ffree-line-length-none -fconvert=big-endian -ffree-form -fopenmp -c mpas_decomp.F -I/mnt/beegfs/paulo.kubota/lib/lib_gnu/netcdf/include -I/mnt/beegfs/paulo.kubota/lib/lib_gnu/pnetcdf/pnetcdf-1.12.3/PnetCDF/include -I/home/paulo.kubota/monan_linux/monan/model/sources/MONAN-Model_GPU/src/external/SMIOL -I/mnt/beegfs/paulo.kubota/lib/lib_gnu/netcdf/include -I/mnt/beegfs/paulo.kubota/lib/lib_gnu/pnetcdf/pnetcdf-1.12.3/PnetCDF/include -I../external/esmf_time_f90
/opt/ohpc/pub/mpi/openmpi4-gnu9/4.1.1/bin/mpif90 -D_MPI -DCORE_INIT_ATMOSPHERE -DMPAS_NAMELIST_SUFFIX=init_atmosphere -DMPAS_EXE_NAME=init_atmosphere_model -DMPAS_OPENMP -DSINGLE_PRECISION -DMPAS_NATIVE_TIMERS -DMPAS_GIT_VERSION=unknown -DMPAS_BUILD_TARGET=gfortran -DMPAS_SMIOL_SUPPORT -DMPAS_USE_MPI_F08 -O3 -ffree-line-length-none -fconvert=big-endian -ffree-form -fopenmp -c mpas_forcing.F -I/mnt/beegfs/paulo.kubota/lib/lib_gnu/netcdf/include -I/mnt/beegfs/paulo.kubota/lib/lib_gnu/pnetcdf/pnetcdf-1.12.3/PnetCDF/include -I/home/paulo.kubota/monan_linux/monan/model/sources/MONAN-Model_GPU/src/external/SMIOL -I/mnt/beegfs/paulo.kubota/lib/lib_gnu/netcdf/include -I/mnt/beegfs/paulo.kubota/lib/lib_gnu/pnetcdf/pnetcdf-1.12.3/PnetCDF/include -I../external/esmf_time_f90
rm -f mpas_block_creator.o mpas_block_creator.mod
/opt/ohpc/pub/mpi/openmpi4-gnu9/4.1.1/bin/mpif90 -D_MPI -DCORE_INIT_ATMOSPHERE -DMPAS_NAMELIST_SUFFIX=init_atmosphere -DMPAS_EXE_NAME=init_atmosphere_model -DMPAS_OPENMP -DSINGLE_PRECISION -DMPAS_NATIVE_TIMERS -DMPAS_GIT_VERSION=unknown -DMPAS_BUILD_TARGET=gfortran -DMPAS_SMIOL_SUPPORT -DMPAS_USE_MPI_F08 -O3 -ffree-line-length-none -fconvert=big-endian -ffree-form -fopenmp -c mpas_block_creator.F -I/mnt/beegfs/paulo.kubota/lib/lib_gnu/netcdf/include -I/mnt/beegfs/paulo.kubota/lib/lib_gnu/pnetcdf/pnetcdf-1.12.3/PnetCDF/include -I/home/paulo.kubota/monan_linux/monan/model/sources/MONAN-Model_GPU/src/external/SMIOL -I/mnt/beegfs/paulo.kubota/lib/lib_gnu/netcdf/include -I/mnt/beegfs/paulo.kubota/lib/lib_gnu/pnetcdf/pnetcdf-1.12.3/PnetCDF/include -I../external/esmf_time_f90
rm -f mpas_bootstrapping.o mpas_bootstrapping.mod
/opt/ohpc/pub/mpi/openmpi4-gnu9/4.1.1/bin/mpif90 -D_MPI -DCORE_INIT_ATMOSPHERE -DMPAS_NAMELIST_SUFFIX=init_atmosphere -DMPAS_EXE_NAME=init_atmosphere_model -DMPAS_OPENMP -DSINGLE_PRECISION -DMPAS_NATIVE_TIMERS -DMPAS_GIT_VERSION=unknown -DMPAS_BUILD_TARGET=gfortran -DMPAS_SMIOL_SUPPORT -DMPAS_USE_MPI_F08 -O3 -ffree-line-length-none -fconvert=big-endian -ffree-form -fopenmp -c mpas_bootstrapping.F -I/mnt/beegfs/paulo.kubota/lib/lib_gnu/netcdf/include -I/mnt/beegfs/paulo.kubota/lib/lib_gnu/pnetcdf/pnetcdf-1.12.3/PnetCDF/include -I/home/paulo.kubota/monan_linux/monan/model/sources/MONAN-Model_GPU/src/external/SMIOL -I/mnt/beegfs/paulo.kubota/lib/lib_gnu/netcdf/include -I/mnt/beegfs/paulo.kubota/lib/lib_gnu/pnetcdf/pnetcdf-1.12.3/PnetCDF/include -I../external/esmf_time_f90
ar -ru libframework.a mpas_kind_types.o mpas_framework.o mpas_timer.o mpas_timekeeping.o mpas_constants.o mpas_attlist.o mpas_hash.o mpas_sort.o mpas_block_decomp.o mpas_block_creator.o mpas_dmpar.o mpas_abort.o mpas_decomp.o mpas_threading.o mpas_io.o mpas_io_streams.o mpas_bootstrapping.o mpas_io_units.o mpas_stream_manager.o mpas_stream_list.o mpas_forcing.o mpas_c_interfacing.o random_id.o pool_hash.o mpas_derived_types.o mpas_domain_routines.o mpas_field_routines.o mpas_pool_routines.o xml_stream_parser.o regex_matching.o mpas_log.o mpas_halo.o mpas_string_utils.o mpas_stream_inquiry.o stream_inquiry.o ../external/ezxml/ezxml.o
ar: creating libframework.a
make[3]: Leaving directory '/home/paulo.kubota/monan_linux/monan/model/sources/MONAN-Model_GPU/src/framework'
ln -sf framework/libframework.a libframework.a
( cd operators; make CPPFLAGS="-D_MPI -DCORE_INIT_ATMOSPHERE -DMPAS_NAMELIST_SUFFIX=init_atmosphere -DMPAS_EXE_NAME=init_atmosphere_model -DMPAS_OPENMP -DSINGLE_PRECISION -DMPAS_NATIVE_TIMERS -DMPAS_GIT_VERSION=unknown -DMPAS_BUILD_TARGET=gfortran -DMPAS_SMIOL_SUPPORT -DMPAS_USE_MPI_F08" CPPINCLUDES="-I/mnt/beegfs/paulo.kubota/lib/lib_gnu/netcdf/include -I/mnt/beegfs/paulo.kubota/lib/lib_gnu/pnetcdf/pnetcdf-1.12.3/PnetCDF/include" all ) 
make[3]: Entering directory '/home/paulo.kubota/monan_linux/monan/model/sources/MONAN-Model_GPU/src/operators'
rm -f mpas_vector_operations.o mpas_vector_operations.mod
rm -f mpas_matrix_operations.o mpas_matrix_operations.mod
rm -f mpas_spline_interpolation.o mpas_spline_interpolation.mod
/opt/ohpc/pub/mpi/openmpi4-gnu9/4.1.1/bin/mpif90 -D_MPI -DCORE_INIT_ATMOSPHERE -DMPAS_NAMELIST_SUFFIX=init_atmosphere -DMPAS_EXE_NAME=init_atmosphere_model -DMPAS_OPENMP -DSINGLE_PRECISION -DMPAS_NATIVE_TIMERS -DMPAS_GIT_VERSION=unknown -DMPAS_BUILD_TARGET=gfortran -DMPAS_SMIOL_SUPPORT -DMPAS_USE_MPI_F08 -O3 -ffree-line-length-none -fconvert=big-endian -ffree-form -fopenmp -c mpas_vector_operations.F -I/mnt/beegfs/paulo.kubota/lib/lib_gnu/netcdf/include -I/mnt/beegfs/paulo.kubota/lib/lib_gnu/pnetcdf/pnetcdf-1.12.3/PnetCDF/include -I/home/paulo.kubota/monan_linux/monan/model/sources/MONAN-Model_GPU/src/external/SMIOL -I/mnt/beegfs/paulo.kubota/lib/lib_gnu/netcdf/include -I/mnt/beegfs/paulo.kubota/lib/lib_gnu/pnetcdf/pnetcdf-1.12.3/PnetCDF/include -I../framework -I../external/esmf_time_f90
/opt/ohpc/pub/mpi/openmpi4-gnu9/4.1.1/bin/mpif90 -D_MPI -DCORE_INIT_ATMOSPHERE -DMPAS_NAMELIST_SUFFIX=init_atmosphere -DMPAS_EXE_NAME=init_atmosphere_model -DMPAS_OPENMP -DSINGLE_PRECISION -DMPAS_NATIVE_TIMERS -DMPAS_GIT_VERSION=unknown -DMPAS_BUILD_TARGET=gfortran -DMPAS_SMIOL_SUPPORT -DMPAS_USE_MPI_F08 -O3 -ffree-line-length-none -fconvert=big-endian -ffree-form -fopenmp -c mpas_matrix_operations.F -I/mnt/beegfs/paulo.kubota/lib/lib_gnu/netcdf/include -I/mnt/beegfs/paulo.kubota/lib/lib_gnu/pnetcdf/pnetcdf-1.12.3/PnetCDF/include -I/home/paulo.kubota/monan_linux/monan/model/sources/MONAN-Model_GPU/src/external/SMIOL -I/mnt/beegfs/paulo.kubota/lib/lib_gnu/netcdf/include -I/mnt/beegfs/paulo.kubota/lib/lib_gnu/pnetcdf/pnetcdf-1.12.3/PnetCDF/include -I../framework -I../external/esmf_time_f90
/opt/ohpc/pub/mpi/openmpi4-gnu9/4.1.1/bin/mpif90 -D_MPI -DCORE_INIT_ATMOSPHERE -DMPAS_NAMELIST_SUFFIX=init_atmosphere -DMPAS_EXE_NAME=init_atmosphere_model -DMPAS_OPENMP -DSINGLE_PRECISION -DMPAS_NATIVE_TIMERS -DMPAS_GIT_VERSION=unknown -DMPAS_BUILD_TARGET=gfortran -DMPAS_SMIOL_SUPPORT -DMPAS_USE_MPI_F08 -O3 -ffree-line-length-none -fconvert=big-endian -ffree-form -fopenmp -c mpas_spline_interpolation.F -I/mnt/beegfs/paulo.kubota/lib/lib_gnu/netcdf/include -I/mnt/beegfs/paulo.kubota/lib/lib_gnu/pnetcdf/pnetcdf-1.12.3/PnetCDF/include -I/home/paulo.kubota/monan_linux/monan/model/sources/MONAN-Model_GPU/src/external/SMIOL -I/mnt/beegfs/paulo.kubota/lib/lib_gnu/netcdf/include -I/mnt/beegfs/paulo.kubota/lib/lib_gnu/pnetcdf/pnetcdf-1.12.3/PnetCDF/include -I../framework -I../external/esmf_time_f90
rm -f mpas_tensor_operations.o mpas_tensor_operations.mod
rm -f mpas_rbf_interpolation.o mpas_rbf_interpolation.mod
rm -f mpas_geometry_utils.o mpas_geometry_utils.mod
/opt/ohpc/pub/mpi/openmpi4-gnu9/4.1.1/bin/mpif90 -D_MPI -DCORE_INIT_ATMOSPHERE -DMPAS_NAMELIST_SUFFIX=init_atmosphere -DMPAS_EXE_NAME=init_atmosphere_model -DMPAS_OPENMP -DSINGLE_PRECISION -DMPAS_NATIVE_TIMERS -DMPAS_GIT_VERSION=unknown -DMPAS_BUILD_TARGET=gfortran -DMPAS_SMIOL_SUPPORT -DMPAS_USE_MPI_F08 -O3 -ffree-line-length-none -fconvert=big-endian -ffree-form -fopenmp -c mpas_rbf_interpolation.F -I/mnt/beegfs/paulo.kubota/lib/lib_gnu/netcdf/include -I/mnt/beegfs/paulo.kubota/lib/lib_gnu/pnetcdf/pnetcdf-1.12.3/PnetCDF/include -I/home/paulo.kubota/monan_linux/monan/model/sources/MONAN-Model_GPU/src/external/SMIOL -I/mnt/beegfs/paulo.kubota/lib/lib_gnu/netcdf/include -I/mnt/beegfs/paulo.kubota/lib/lib_gnu/pnetcdf/pnetcdf-1.12.3/PnetCDF/include -I../framework -I../external/esmf_time_f90
/opt/ohpc/pub/mpi/openmpi4-gnu9/4.1.1/bin/mpif90 -D_MPI -DCORE_INIT_ATMOSPHERE -DMPAS_NAMELIST_SUFFIX=init_atmosphere -DMPAS_EXE_NAME=init_atmosphere_model -DMPAS_OPENMP -DSINGLE_PRECISION -DMPAS_NATIVE_TIMERS -DMPAS_GIT_VERSION=unknown -DMPAS_BUILD_TARGET=gfortran -DMPAS_SMIOL_SUPPORT -DMPAS_USE_MPI_F08 -O3 -ffree-line-length-none -fconvert=big-endian -ffree-form -fopenmp -c mpas_tensor_operations.F -I/mnt/beegfs/paulo.kubota/lib/lib_gnu/netcdf/include -I/mnt/beegfs/paulo.kubota/lib/lib_gnu/pnetcdf/pnetcdf-1.12.3/PnetCDF/include -I/home/paulo.kubota/monan_linux/monan/model/sources/MONAN-Model_GPU/src/external/SMIOL -I/mnt/beegfs/paulo.kubota/lib/lib_gnu/netcdf/include -I/mnt/beegfs/paulo.kubota/lib/lib_gnu/pnetcdf/pnetcdf-1.12.3/PnetCDF/include -I../framework -I../external/esmf_time_f90
/opt/ohpc/pub/mpi/openmpi4-gnu9/4.1.1/bin/mpif90 -D_MPI -DCORE_INIT_ATMOSPHERE -DMPAS_NAMELIST_SUFFIX=init_atmosphere -DMPAS_EXE_NAME=init_atmosphere_model -DMPAS_OPENMP -DSINGLE_PRECISION -DMPAS_NATIVE_TIMERS -DMPAS_GIT_VERSION=unknown -DMPAS_BUILD_TARGET=gfortran -DMPAS_SMIOL_SUPPORT -DMPAS_USE_MPI_F08 -O3 -ffree-line-length-none -fconvert=big-endian -ffree-form -fopenmp -c mpas_geometry_utils.F -I/mnt/beegfs/paulo.kubota/lib/lib_gnu/netcdf/include -I/mnt/beegfs/paulo.kubota/lib/lib_gnu/pnetcdf/pnetcdf-1.12.3/PnetCDF/include -I/home/paulo.kubota/monan_linux/monan/model/sources/MONAN-Model_GPU/src/external/SMIOL -I/mnt/beegfs/paulo.kubota/lib/lib_gnu/netcdf/include -I/mnt/beegfs/paulo.kubota/lib/lib_gnu/pnetcdf/pnetcdf-1.12.3/PnetCDF/include -I../framework -I../external/esmf_time_f90
rm -f mpas_tracer_advection_helpers.o mpas_tracer_advection_helpers.mod
/opt/ohpc/pub/mpi/openmpi4-gnu9/4.1.1/bin/mpif90 -D_MPI -DCORE_INIT_ATMOSPHERE -DMPAS_NAMELIST_SUFFIX=init_atmosphere -DMPAS_EXE_NAME=init_atmosphere_model -DMPAS_OPENMP -DSINGLE_PRECISION -DMPAS_NATIVE_TIMERS -DMPAS_GIT_VERSION=unknown -DMPAS_BUILD_TARGET=gfortran -DMPAS_SMIOL_SUPPORT -DMPAS_USE_MPI_F08 -O3 -ffree-line-length-none -fconvert=big-endian -ffree-form -fopenmp -c mpas_tracer_advection_helpers.F -I/mnt/beegfs/paulo.kubota/lib/lib_gnu/netcdf/include -I/mnt/beegfs/paulo.kubota/lib/lib_gnu/pnetcdf/pnetcdf-1.12.3/PnetCDF/include -I/home/paulo.kubota/monan_linux/monan/model/sources/MONAN-Model_GPU/src/external/SMIOL -I/mnt/beegfs/paulo.kubota/lib/lib_gnu/netcdf/include -I/mnt/beegfs/paulo.kubota/lib/lib_gnu/pnetcdf/pnetcdf-1.12.3/PnetCDF/include -I../framework -I../external/esmf_time_f90
rm -f mpas_vector_reconstruction.o mpas_vector_reconstruction.mod
/opt/ohpc/pub/mpi/openmpi4-gnu9/4.1.1/bin/mpif90 -D_MPI -DCORE_INIT_ATMOSPHERE -DMPAS_NAMELIST_SUFFIX=init_atmosphere -DMPAS_EXE_NAME=init_atmosphere_model -DMPAS_OPENMP -DSINGLE_PRECISION -DMPAS_NATIVE_TIMERS -DMPAS_GIT_VERSION=unknown -DMPAS_BUILD_TARGET=gfortran -DMPAS_SMIOL_SUPPORT -DMPAS_USE_MPI_F08 -O3 -ffree-line-length-none -fconvert=big-endian -ffree-form -fopenmp -c mpas_vector_reconstruction.F -I/mnt/beegfs/paulo.kubota/lib/lib_gnu/netcdf/include -I/mnt/beegfs/paulo.kubota/lib/lib_gnu/pnetcdf/pnetcdf-1.12.3/PnetCDF/include -I/home/paulo.kubota/monan_linux/monan/model/sources/MONAN-Model_GPU/src/external/SMIOL -I/mnt/beegfs/paulo.kubota/lib/lib_gnu/netcdf/include -I/mnt/beegfs/paulo.kubota/lib/lib_gnu/pnetcdf/pnetcdf-1.12.3/PnetCDF/include -I../framework -I../external/esmf_time_f90
rm -f mpas_tracer_advection_mono.o mpas_tracer_advection_mono.mod
rm -f mpas_tracer_advection_std.o mpas_tracer_advection_std.mod
/opt/ohpc/pub/mpi/openmpi4-gnu9/4.1.1/bin/mpif90 -D_MPI -DCORE_INIT_ATMOSPHERE -DMPAS_NAMELIST_SUFFIX=init_atmosphere -DMPAS_EXE_NAME=init_atmosphere_model -DMPAS_OPENMP -DSINGLE_PRECISION -DMPAS_NATIVE_TIMERS -DMPAS_GIT_VERSION=unknown -DMPAS_BUILD_TARGET=gfortran -DMPAS_SMIOL_SUPPORT -DMPAS_USE_MPI_F08 -O3 -ffree-line-length-none -fconvert=big-endian -ffree-form -fopenmp -c mpas_tracer_advection_std.F -I/mnt/beegfs/paulo.kubota/lib/lib_gnu/netcdf/include -I/mnt/beegfs/paulo.kubota/lib/lib_gnu/pnetcdf/pnetcdf-1.12.3/PnetCDF/include -I/home/paulo.kubota/monan_linux/monan/model/sources/MONAN-Model_GPU/src/external/SMIOL -I/mnt/beegfs/paulo.kubota/lib/lib_gnu/netcdf/include -I/mnt/beegfs/paulo.kubota/lib/lib_gnu/pnetcdf/pnetcdf-1.12.3/PnetCDF/include -I../framework -I../external/esmf_time_f90
/opt/ohpc/pub/mpi/openmpi4-gnu9/4.1.1/bin/mpif90 -D_MPI -DCORE_INIT_ATMOSPHERE -DMPAS_NAMELIST_SUFFIX=init_atmosphere -DMPAS_EXE_NAME=init_atmosphere_model -DMPAS_OPENMP -DSINGLE_PRECISION -DMPAS_NATIVE_TIMERS -DMPAS_GIT_VERSION=unknown -DMPAS_BUILD_TARGET=gfortran -DMPAS_SMIOL_SUPPORT -DMPAS_USE_MPI_F08 -O3 -ffree-line-length-none -fconvert=big-endian -ffree-form -fopenmp -c mpas_tracer_advection_mono.F -I/mnt/beegfs/paulo.kubota/lib/lib_gnu/netcdf/include -I/mnt/beegfs/paulo.kubota/lib/lib_gnu/pnetcdf/pnetcdf-1.12.3/PnetCDF/include -I/home/paulo.kubota/monan_linux/monan/model/sources/MONAN-Model_GPU/src/external/SMIOL -I/mnt/beegfs/paulo.kubota/lib/lib_gnu/netcdf/include -I/mnt/beegfs/paulo.kubota/lib/lib_gnu/pnetcdf/pnetcdf-1.12.3/PnetCDF/include -I../framework -I../external/esmf_time_f90
ar -ru libops.a mpas_vector_operations.o mpas_matrix_operations.o mpas_tensor_operations.o mpas_rbf_interpolation.o mpas_vector_reconstruction.o mpas_spline_interpolation.o mpas_tracer_advection_helpers.o mpas_tracer_advection_mono.o mpas_tracer_advection_std.o mpas_geometry_utils.o
ar: creating libops.a
make[3]: Leaving directory '/home/paulo.kubota/monan_linux/monan/model/sources/MONAN-Model_GPU/src/operators'
ln -sf operators/libops.a libops.a
( cd core_init_atmosphere; make CPPFLAGS="-D_MPI -DCORE_INIT_ATMOSPHERE -DMPAS_NAMELIST_SUFFIX=init_atmosphere -DMPAS_EXE_NAME=init_atmosphere_model -DMPAS_OPENMP -DSINGLE_PRECISION -DMPAS_NATIVE_TIMERS -DMPAS_GIT_VERSION=unknown -DMPAS_BUILD_TARGET=gfortran -DMPAS_SMIOL_SUPPORT -DMPAS_USE_MPI_F08" CPPINCLUDES="-I/mnt/beegfs/paulo.kubota/lib/lib_gnu/netcdf/include -I/mnt/beegfs/paulo.kubota/lib/lib_gnu/pnetcdf/pnetcdf-1.12.3/PnetCDF/include" REG_PARSE="/home/paulo.kubota/monan_linux/monan/model/sources/MONAN-Model_GPU/src/tools/registry/parse" gen_includes )
make[3]: Entering directory '/home/paulo.kubota/monan_linux/monan/model/sources/MONAN-Model_GPU/src/core_init_atmosphere'
cpp -P -traditional -D_MPI -DCORE_INIT_ATMOSPHERE -DMPAS_NAMELIST_SUFFIX=init_atmosphere -DMPAS_EXE_NAME=init_atmosphere_model -DMPAS_OPENMP -DSINGLE_PRECISION -DMPAS_NATIVE_TIMERS -DMPAS_GIT_VERSION=unknown -DMPAS_BUILD_TARGET=gfortran -DMPAS_SMIOL_SUPPORT -DMPAS_USE_MPI_F08 -I/mnt/beegfs/paulo.kubota/lib/lib_gnu/netcdf/include -I/mnt/beegfs/paulo.kubota/lib/lib_gnu/pnetcdf/pnetcdf-1.12.3/PnetCDF/include Registry.xml > Registry_processed.xml
(if [ ! -d inc ]; then mkdir -p inc; fi) # To generate *.inc files
(cd inc; /home/paulo.kubota/monan_linux/monan/model/sources/MONAN-Model_GPU/src/tools/registry/parse ../Registry_processed.xml -D_MPI -DCORE_INIT_ATMOSPHERE -DMPAS_NAMELIST_SUFFIX=init_atmosphere -DMPAS_EXE_NAME=init_atmosphere_model -DMPAS_OPENMP -DSINGLE_PRECISION -DMPAS_NATIVE_TIMERS -DMPAS_GIT_VERSION=unknown -DMPAS_BUILD_TARGET=gfortran -DMPAS_SMIOL_SUPPORT -DMPAS_USE_MPI_F08 )
---- GENERATING IMMUTABLE STREAMS ----
make[3]: Leaving directory '/home/paulo.kubota/monan_linux/monan/model/sources/MONAN-Model_GPU/src/core_init_atmosphere'
( cd core_init_atmosphere; make CPPFLAGS="-D_MPI -DCORE_INIT_ATMOSPHERE -DMPAS_NAMELIST_SUFFIX=init_atmosphere -DMPAS_EXE_NAME=init_atmosphere_model -DMPAS_OPENMP -DSINGLE_PRECISION -DMPAS_NATIVE_TIMERS -DMPAS_GIT_VERSION=unknown -DMPAS_BUILD_TARGET=gfortran -DMPAS_SMIOL_SUPPORT -DMPAS_USE_MPI_F08" CPPINCLUDES="-I/mnt/beegfs/paulo.kubota/lib/lib_gnu/netcdf/include -I/mnt/beegfs/paulo.kubota/lib/lib_gnu/pnetcdf/pnetcdf-1.12.3/PnetCDF/include" NL_GEN="/home/paulo.kubota/monan_linux/monan/model/sources/MONAN-Model_GPU/src/tools/input_gen/namelist_gen" ST_GEN="/home/paulo.kubota/monan_linux/monan/model/sources/MONAN-Model_GPU/src/tools/input_gen/streams_gen" core_input_gen )
make[3]: Entering directory '/home/paulo.kubota/monan_linux/monan/model/sources/MONAN-Model_GPU/src/core_init_atmosphere'
if [ ! -e default_inputs ]; then  mkdir default_inputs; fi
( cd default_inputs; /home/paulo.kubota/monan_linux/monan/model/sources/MONAN-Model_GPU/src/tools/input_gen/namelist_gen ../Registry_processed.xml namelist.init_atmosphere in_defaults=true )
( cd default_inputs; /home/paulo.kubota/monan_linux/monan/model/sources/MONAN-Model_GPU/src/tools/input_gen/streams_gen ../Registry_processed.xml streams.init_atmosphere stream_list.init_atmosphere. listed )
make[3]: Leaving directory '/home/paulo.kubota/monan_linux/monan/model/sources/MONAN-Model_GPU/src/core_init_atmosphere'
( cd core_init_atmosphere; make CPPFLAGS="-D_MPI -DCORE_INIT_ATMOSPHERE -DMPAS_NAMELIST_SUFFIX=init_atmosphere -DMPAS_EXE_NAME=init_atmosphere_model -DMPAS_OPENMP -DSINGLE_PRECISION -DMPAS_NATIVE_TIMERS -DMPAS_GIT_VERSION=unknown -DMPAS_BUILD_TARGET=gfortran -DMPAS_SMIOL_SUPPORT -DMPAS_USE_MPI_F08" CPPINCLUDES="-I/mnt/beegfs/paulo.kubota/lib/lib_gnu/netcdf/include -I/mnt/beegfs/paulo.kubota/lib/lib_gnu/pnetcdf/pnetcdf-1.12.3/PnetCDF/include" all ) 
make[3]: Entering directory '/home/paulo.kubota/monan_linux/monan/model/sources/MONAN-Model_GPU/src/core_init_atmosphere'
/opt/ohpc/pub/mpi/openmpi4-gnu9/4.1.1/bin/mpicc -O3 -fopenmp -DSINGLE_PRECISION -D_MPI -DCORE_INIT_ATMOSPHERE -DMPAS_NAMELIST_SUFFIX=init_atmosphere -DMPAS_EXE_NAME=init_atmosphere_model -DMPAS_OPENMP -DSINGLE_PRECISION -DMPAS_NATIVE_TIMERS -DMPAS_GIT_VERSION=unknown -DMPAS_BUILD_TARGET=gfortran -DMPAS_SMIOL_SUPPORT -DMPAS_USE_MPI_F08 -I/mnt/beegfs/paulo.kubota/lib/lib_gnu/netcdf/include -I/mnt/beegfs/paulo.kubota/lib/lib_gnu/pnetcdf/pnetcdf-1.12.3/PnetCDF/include -c read_geogrid.c
rm -f mpas_atm_advection.o mpas_atm_advection.mod
rm -f mpas_init_atm_read_met.o mpas_init_atm_read_met.mod
rm -f mpas_init_atm_llxy.o mpas_init_atm_llxy.mod
rm -f mpas_init_atm_queue.o mpas_init_atm_queue.mod
/opt/ohpc/pub/mpi/openmpi4-gnu9/4.1.1/bin/mpif90 -D_MPI -DCORE_INIT_ATMOSPHERE -DMPAS_NAMELIST_SUFFIX=init_atmosphere -DMPAS_EXE_NAME=init_atmosphere_model -DMPAS_OPENMP -DSINGLE_PRECISION -DMPAS_NATIVE_TIMERS -DMPAS_GIT_VERSION=unknown -DMPAS_BUILD_TARGET=gfortran -DMPAS_SMIOL_SUPPORT -DMPAS_USE_MPI_F08 -O3 -ffree-line-length-none -fconvert=big-endian -ffree-form -fopenmp -c mpas_atm_advection.F -I/mnt/beegfs/paulo.kubota/lib/lib_gnu/netcdf/include -I/mnt/beegfs/paulo.kubota/lib/lib_gnu/pnetcdf/pnetcdf-1.12.3/PnetCDF/include -I/home/paulo.kubota/monan_linux/monan/model/sources/MONAN-Model_GPU/src/external/SMIOL -I/mnt/beegfs/paulo.kubota/lib/lib_gnu/netcdf/include -I/mnt/beegfs/paulo.kubota/lib/lib_gnu/pnetcdf/pnetcdf-1.12.3/PnetCDF/include -I./inc -I../framework -I../operators  -I../external/esmf_time_f90
/opt/ohpc/pub/mpi/openmpi4-gnu9/4.1.1/bin/mpif90 -D_MPI -DCORE_INIT_ATMOSPHERE -DMPAS_NAMELIST_SUFFIX=init_atmosphere -DMPAS_EXE_NAME=init_atmosphere_model -DMPAS_OPENMP -DSINGLE_PRECISION -DMPAS_NATIVE_TIMERS -DMPAS_GIT_VERSION=unknown -DMPAS_BUILD_TARGET=gfortran -DMPAS_SMIOL_SUPPORT -DMPAS_USE_MPI_F08 -O3 -ffree-line-length-none -fconvert=big-endian -ffree-form -fopenmp -c mpas_init_atm_read_met.F -I/mnt/beegfs/paulo.kubota/lib/lib_gnu/netcdf/include -I/mnt/beegfs/paulo.kubota/lib/lib_gnu/pnetcdf/pnetcdf-1.12.3/PnetCDF/include -I/home/paulo.kubota/monan_linux/monan/model/sources/MONAN-Model_GPU/src/external/SMIOL -I/mnt/beegfs/paulo.kubota/lib/lib_gnu/netcdf/include -I/mnt/beegfs/paulo.kubota/lib/lib_gnu/pnetcdf/pnetcdf-1.12.3/PnetCDF/include -I./inc -I../framework -I../operators  -I../external/esmf_time_f90
rm -f mpas_init_atm_bitarray.o mpas_init_atm_bitarray.mod
/opt/ohpc/pub/mpi/openmpi4-gnu9/4.1.1/bin/mpif90 -D_MPI -DCORE_INIT_ATMOSPHERE -DMPAS_NAMELIST_SUFFIX=init_atmosphere -DMPAS_EXE_NAME=init_atmosphere_model -DMPAS_OPENMP -DSINGLE_PRECISION -DMPAS_NATIVE_TIMERS -DMPAS_GIT_VERSION=unknown -DMPAS_BUILD_TARGET=gfortran -DMPAS_SMIOL_SUPPORT -DMPAS_USE_MPI_F08 -O3 -ffree-line-length-none -fconvert=big-endian -ffree-form -fopenmp -c mpas_init_atm_llxy.F -I/mnt/beegfs/paulo.kubota/lib/lib_gnu/netcdf/include -I/mnt/beegfs/paulo.kubota/lib/lib_gnu/pnetcdf/pnetcdf-1.12.3/PnetCDF/include -I/home/paulo.kubota/monan_linux/monan/model/sources/MONAN-Model_GPU/src/external/SMIOL -I/mnt/beegfs/paulo.kubota/lib/lib_gnu/netcdf/include -I/mnt/beegfs/paulo.kubota/lib/lib_gnu/pnetcdf/pnetcdf-1.12.3/PnetCDF/include -I./inc -I../framework -I../operators  -I../external/esmf_time_f90
/opt/ohpc/pub/mpi/openmpi4-gnu9/4.1.1/bin/mpif90 -D_MPI -DCORE_INIT_ATMOSPHERE -DMPAS_NAMELIST_SUFFIX=init_atmosphere -DMPAS_EXE_NAME=init_atmosphere_model -DMPAS_OPENMP -DSINGLE_PRECISION -DMPAS_NATIVE_TIMERS -DMPAS_GIT_VERSION=unknown -DMPAS_BUILD_TARGET=gfortran -DMPAS_SMIOL_SUPPORT -DMPAS_USE_MPI_F08 -O3 -ffree-line-length-none -fconvert=big-endian -ffree-form -fopenmp -c mpas_init_atm_queue.F -I/mnt/beegfs/paulo.kubota/lib/lib_gnu/netcdf/include -I/mnt/beegfs/paulo.kubota/lib/lib_gnu/pnetcdf/pnetcdf-1.12.3/PnetCDF/include -I/home/paulo.kubota/monan_linux/monan/model/sources/MONAN-Model_GPU/src/external/SMIOL -I/mnt/beegfs/paulo.kubota/lib/lib_gnu/netcdf/include -I/mnt/beegfs/paulo.kubota/lib/lib_gnu/pnetcdf/pnetcdf-1.12.3/PnetCDF/include -I./inc -I../framework -I../operators  -I../external/esmf_time_f90
rm -f mpas_atmphys_utilities.o mpas_atmphys_utilities.mod
rm -f mpas_stack.o mpas_stack.mod
/opt/ohpc/pub/mpi/openmpi4-gnu9/4.1.1/bin/mpif90 -D_MPI -DCORE_INIT_ATMOSPHERE -DMPAS_NAMELIST_SUFFIX=init_atmosphere -DMPAS_EXE_NAME=init_atmosphere_model -DMPAS_OPENMP -DSINGLE_PRECISION -DMPAS_NATIVE_TIMERS -DMPAS_GIT_VERSION=unknown -DMPAS_BUILD_TARGET=gfortran -DMPAS_SMIOL_SUPPORT -DMPAS_USE_MPI_F08 -O3 -ffree-line-length-none -fconvert=big-endian -ffree-form -fopenmp -c mpas_init_atm_bitarray.F -I/mnt/beegfs/paulo.kubota/lib/lib_gnu/netcdf/include -I/mnt/beegfs/paulo.kubota/lib/lib_gnu/pnetcdf/pnetcdf-1.12.3/PnetCDF/include -I/home/paulo.kubota/monan_linux/monan/model/sources/MONAN-Model_GPU/src/external/SMIOL -I/mnt/beegfs/paulo.kubota/lib/lib_gnu/netcdf/include -I/mnt/beegfs/paulo.kubota/lib/lib_gnu/pnetcdf/pnetcdf-1.12.3/PnetCDF/include -I./inc -I../framework -I../operators  -I../external/esmf_time_f90
/opt/ohpc/pub/mpi/openmpi4-gnu9/4.1.1/bin/mpif90 -D_MPI -DCORE_INIT_ATMOSPHERE -DMPAS_NAMELIST_SUFFIX=init_atmosphere -DMPAS_EXE_NAME=init_atmosphere_model -DMPAS_OPENMP -DSINGLE_PRECISION -DMPAS_NATIVE_TIMERS -DMPAS_GIT_VERSION=unknown -DMPAS_BUILD_TARGET=gfortran -DMPAS_SMIOL_SUPPORT -DMPAS_USE_MPI_F08 -O3 -ffree-line-length-none -fconvert=big-endian -ffree-form -fopenmp -c mpas_atmphys_utilities.F -I/mnt/beegfs/paulo.kubota/lib/lib_gnu/netcdf/include -I/mnt/beegfs/paulo.kubota/lib/lib_gnu/pnetcdf/pnetcdf-1.12.3/PnetCDF/include -I/home/paulo.kubota/monan_linux/monan/model/sources/MONAN-Model_GPU/src/external/SMIOL -I/mnt/beegfs/paulo.kubota/lib/lib_gnu/netcdf/include -I/mnt/beegfs/paulo.kubota/lib/lib_gnu/pnetcdf/pnetcdf-1.12.3/PnetCDF/include -I./inc -I../framework -I../operators  -I../external/esmf_time_f90
/opt/ohpc/pub/mpi/openmpi4-gnu9/4.1.1/bin/mpif90 -D_MPI -DCORE_INIT_ATMOSPHERE -DMPAS_NAMELIST_SUFFIX=init_atmosphere -DMPAS_EXE_NAME=init_atmosphere_model -DMPAS_OPENMP -DSINGLE_PRECISION -DMPAS_NATIVE_TIMERS -DMPAS_GIT_VERSION=unknown -DMPAS_BUILD_TARGET=gfortran -DMPAS_SMIOL_SUPPORT -DMPAS_USE_MPI_F08 -O3 -ffree-line-length-none -fconvert=big-endian -ffree-form -fopenmp -c mpas_stack.F -I/mnt/beegfs/paulo.kubota/lib/lib_gnu/netcdf/include -I/mnt/beegfs/paulo.kubota/lib/lib_gnu/pnetcdf/pnetcdf-1.12.3/PnetCDF/include -I/home/paulo.kubota/monan_linux/monan/model/sources/MONAN-Model_GPU/src/external/SMIOL -I/mnt/beegfs/paulo.kubota/lib/lib_gnu/netcdf/include -I/mnt/beegfs/paulo.kubota/lib/lib_gnu/pnetcdf/pnetcdf-1.12.3/PnetCDF/include -I./inc -I../framework -I../operators  -I../external/esmf_time_f90
rm -f mpas_kd_tree.o mpas_kd_tree.mod
rm -f mpas_parse_geoindex.o mpas_parse_geoindex.mod
/opt/ohpc/pub/mpi/openmpi4-gnu9/4.1.1/bin/mpif90 -D_MPI -DCORE_INIT_ATMOSPHERE -DMPAS_NAMELIST_SUFFIX=init_atmosphere -DMPAS_EXE_NAME=init_atmosphere_model -DMPAS_OPENMP -DSINGLE_PRECISION -DMPAS_NATIVE_TIMERS -DMPAS_GIT_VERSION=unknown -DMPAS_BUILD_TARGET=gfortran -DMPAS_SMIOL_SUPPORT -DMPAS_USE_MPI_F08 -O3 -ffree-line-length-none -fconvert=big-endian -ffree-form -fopenmp -c mpas_kd_tree.F -I/mnt/beegfs/paulo.kubota/lib/lib_gnu/netcdf/include -I/mnt/beegfs/paulo.kubota/lib/lib_gnu/pnetcdf/pnetcdf-1.12.3/PnetCDF/include -I/home/paulo.kubota/monan_linux/monan/model/sources/MONAN-Model_GPU/src/external/SMIOL -I/mnt/beegfs/paulo.kubota/lib/lib_gnu/netcdf/include -I/mnt/beegfs/paulo.kubota/lib/lib_gnu/pnetcdf/pnetcdf-1.12.3/PnetCDF/include -I./inc -I../framework -I../operators  -I../external/esmf_time_f90
/opt/ohpc/pub/mpi/openmpi4-gnu9/4.1.1/bin/mpif90 -D_MPI -DCORE_INIT_ATMOSPHERE -DMPAS_NAMELIST_SUFFIX=init_atmosphere -DMPAS_EXE_NAME=init_atmosphere_model -DMPAS_OPENMP -DSINGLE_PRECISION -DMPAS_NATIVE_TIMERS -DMPAS_GIT_VERSION=unknown -DMPAS_BUILD_TARGET=gfortran -DMPAS_SMIOL_SUPPORT -DMPAS_USE_MPI_F08 -O3 -ffree-line-length-none -fconvert=big-endian -ffree-form -fopenmp -c mpas_parse_geoindex.F -I/mnt/beegfs/paulo.kubota/lib/lib_gnu/netcdf/include -I/mnt/beegfs/paulo.kubota/lib/lib_gnu/pnetcdf/pnetcdf-1.12.3/PnetCDF/include -I/home/paulo.kubota/monan_linux/monan/model/sources/MONAN-Model_GPU/src/external/SMIOL -I/mnt/beegfs/paulo.kubota/lib/lib_gnu/netcdf/include -I/mnt/beegfs/paulo.kubota/lib/lib_gnu/pnetcdf/pnetcdf-1.12.3/PnetCDF/include -I./inc -I../framework -I../operators  -I../external/esmf_time_f90
rm -f mpas_init_atm_gwd.o mpas_init_atm_gwd.mod
/opt/ohpc/pub/mpi/openmpi4-gnu9/4.1.1/bin/mpif90 -D_MPI -DCORE_INIT_ATMOSPHERE -DMPAS_NAMELIST_SUFFIX=init_atmosphere -DMPAS_EXE_NAME=init_atmosphere_model -DMPAS_OPENMP -DSINGLE_PRECISION -DMPAS_NATIVE_TIMERS -DMPAS_GIT_VERSION=unknown -DMPAS_BUILD_TARGET=gfortran -DMPAS_SMIOL_SUPPORT -DMPAS_USE_MPI_F08 -O3 -ffree-line-length-none -fconvert=big-endian -ffree-form -fopenmp -c mpas_init_atm_gwd.F -I/mnt/beegfs/paulo.kubota/lib/lib_gnu/netcdf/include -I/mnt/beegfs/paulo.kubota/lib/lib_gnu/pnetcdf/pnetcdf-1.12.3/PnetCDF/include -I/home/paulo.kubota/monan_linux/monan/model/sources/MONAN-Model_GPU/src/external/SMIOL -I/mnt/beegfs/paulo.kubota/lib/lib_gnu/netcdf/include -I/mnt/beegfs/paulo.kubota/lib/lib_gnu/pnetcdf/pnetcdf-1.12.3/PnetCDF/include -I./inc -I../framework -I../operators  -I../external/esmf_time_f90
rm -f mpas_init_atm_vinterp.o mpas_init_atm_vinterp.mod
rm -f mpas_atmphys_date_time.o mpas_atmphys_date_time.mod
/opt/ohpc/pub/mpi/openmpi4-gnu9/4.1.1/bin/mpif90 -D_MPI -DCORE_INIT_ATMOSPHERE -DMPAS_NAMELIST_SUFFIX=init_atmosphere -DMPAS_EXE_NAME=init_atmosphere_model -DMPAS_OPENMP -DSINGLE_PRECISION -DMPAS_NATIVE_TIMERS -DMPAS_GIT_VERSION=unknown -DMPAS_BUILD_TARGET=gfortran -DMPAS_SMIOL_SUPPORT -DMPAS_USE_MPI_F08 -O3 -ffree-line-length-none -fconvert=big-endian -ffree-form -fopenmp -c mpas_init_atm_vinterp.F -I/mnt/beegfs/paulo.kubota/lib/lib_gnu/netcdf/include -I/mnt/beegfs/paulo.kubota/lib/lib_gnu/pnetcdf/pnetcdf-1.12.3/PnetCDF/include -I/home/paulo.kubota/monan_linux/monan/model/sources/MONAN-Model_GPU/src/external/SMIOL -I/mnt/beegfs/paulo.kubota/lib/lib_gnu/netcdf/include -I/mnt/beegfs/paulo.kubota/lib/lib_gnu/pnetcdf/pnetcdf-1.12.3/PnetCDF/include -I./inc -I../framework -I../operators  -I../external/esmf_time_f90
/opt/ohpc/pub/mpi/openmpi4-gnu9/4.1.1/bin/mpif90 -D_MPI -DCORE_INIT_ATMOSPHERE -DMPAS_NAMELIST_SUFFIX=init_atmosphere -DMPAS_EXE_NAME=init_atmosphere_model -DMPAS_OPENMP -DSINGLE_PRECISION -DMPAS_NATIVE_TIMERS -DMPAS_GIT_VERSION=unknown -DMPAS_BUILD_TARGET=gfortran -DMPAS_SMIOL_SUPPORT -DMPAS_USE_MPI_F08 -O3 -ffree-line-length-none -fconvert=big-endian -ffree-form -fopenmp -c mpas_atmphys_date_time.F -I/mnt/beegfs/paulo.kubota/lib/lib_gnu/netcdf/include -I/mnt/beegfs/paulo.kubota/lib/lib_gnu/pnetcdf/pnetcdf-1.12.3/PnetCDF/include -I/home/paulo.kubota/monan_linux/monan/model/sources/MONAN-Model_GPU/src/external/SMIOL -I/mnt/beegfs/paulo.kubota/lib/lib_gnu/netcdf/include -I/mnt/beegfs/paulo.kubota/lib/lib_gnu/pnetcdf/pnetcdf-1.12.3/PnetCDF/include -I./inc -I../framework -I../operators  -I../external/esmf_time_f90
rm -f mpas_atmphys_constants.o mpas_atmphys_constants.mod
/opt/ohpc/pub/mpi/openmpi4-gnu9/4.1.1/bin/mpif90 -D_MPI -DCORE_INIT_ATMOSPHERE -DMPAS_NAMELIST_SUFFIX=init_atmosphere -DMPAS_EXE_NAME=init_atmosphere_model -DMPAS_OPENMP -DSINGLE_PRECISION -DMPAS_NATIVE_TIMERS -DMPAS_GIT_VERSION=unknown -DMPAS_BUILD_TARGET=gfortran -DMPAS_SMIOL_SUPPORT -DMPAS_USE_MPI_F08 -O3 -ffree-line-length-none -fconvert=big-endian -ffree-form -fopenmp -c mpas_atmphys_constants.F -I/mnt/beegfs/paulo.kubota/lib/lib_gnu/netcdf/include -I/mnt/beegfs/paulo.kubota/lib/lib_gnu/pnetcdf/pnetcdf-1.12.3/PnetCDF/include -I/home/paulo.kubota/monan_linux/monan/model/sources/MONAN-Model_GPU/src/external/SMIOL -I/mnt/beegfs/paulo.kubota/lib/lib_gnu/netcdf/include -I/mnt/beegfs/paulo.kubota/lib/lib_gnu/pnetcdf/pnetcdf-1.12.3/PnetCDF/include -I./inc -I../framework -I../operators  -I../external/esmf_time_f90
rm -f mpas_atmphys_functions.o mpas_atmphys_functions.mod
/opt/ohpc/pub/mpi/openmpi4-gnu9/4.1.1/bin/mpif90 -D_MPI -DCORE_INIT_ATMOSPHERE -DMPAS_NAMELIST_SUFFIX=init_atmosphere -DMPAS_EXE_NAME=init_atmosphere_model -DMPAS_OPENMP -DSINGLE_PRECISION -DMPAS_NATIVE_TIMERS -DMPAS_GIT_VERSION=unknown -DMPAS_BUILD_TARGET=gfortran -DMPAS_SMIOL_SUPPORT -DMPAS_USE_MPI_F08 -O3 -ffree-line-length-none -fconvert=big-endian -ffree-form -fopenmp -c mpas_atmphys_functions.F -I/mnt/beegfs/paulo.kubota/lib/lib_gnu/netcdf/include -I/mnt/beegfs/paulo.kubota/lib/lib_gnu/pnetcdf/pnetcdf-1.12.3/PnetCDF/include -I/home/paulo.kubota/monan_linux/monan/model/sources/MONAN-Model_GPU/src/external/SMIOL -I/mnt/beegfs/paulo.kubota/lib/lib_gnu/netcdf/include -I/mnt/beegfs/paulo.kubota/lib/lib_gnu/pnetcdf/pnetcdf-1.12.3/PnetCDF/include -I./inc -I../framework -I../operators  -I../external/esmf_time_f90
rm -f mpas_init_atm_hinterp.o mpas_init_atm_hinterp.mod
/opt/ohpc/pub/mpi/openmpi4-gnu9/4.1.1/bin/mpif90 -D_MPI -DCORE_INIT_ATMOSPHERE -DMPAS_NAMELIST_SUFFIX=init_atmosphere -DMPAS_EXE_NAME=init_atmosphere_model -DMPAS_OPENMP -DSINGLE_PRECISION -DMPAS_NATIVE_TIMERS -DMPAS_GIT_VERSION=unknown -DMPAS_BUILD_TARGET=gfortran -DMPAS_SMIOL_SUPPORT -DMPAS_USE_MPI_F08 -O3 -ffree-line-length-none -fconvert=big-endian -ffree-form -fopenmp -c mpas_init_atm_hinterp.F -I/mnt/beegfs/paulo.kubota/lib/lib_gnu/netcdf/include -I/mnt/beegfs/paulo.kubota/lib/lib_gnu/pnetcdf/pnetcdf-1.12.3/PnetCDF/include -I/home/paulo.kubota/monan_linux/monan/model/sources/MONAN-Model_GPU/src/external/SMIOL -I/mnt/beegfs/paulo.kubota/lib/lib_gnu/netcdf/include -I/mnt/beegfs/paulo.kubota/lib/lib_gnu/pnetcdf/pnetcdf-1.12.3/PnetCDF/include -I./inc -I../framework -I../operators  -I../external/esmf_time_f90
rm -f mpas_geotile_manager.o mpas_geotile_manager.mod
/opt/ohpc/pub/mpi/openmpi4-gnu9/4.1.1/bin/mpif90 -D_MPI -DCORE_INIT_ATMOSPHERE -DMPAS_NAMELIST_SUFFIX=init_atmosphere -DMPAS_EXE_NAME=init_atmosphere_model -DMPAS_OPENMP -DSINGLE_PRECISION -DMPAS_NATIVE_TIMERS -DMPAS_GIT_VERSION=unknown -DMPAS_BUILD_TARGET=gfortran -DMPAS_SMIOL_SUPPORT -DMPAS_USE_MPI_F08 -O3 -ffree-line-length-none -fconvert=big-endian -ffree-form -fopenmp -c mpas_geotile_manager.F -I/mnt/beegfs/paulo.kubota/lib/lib_gnu/netcdf/include -I/mnt/beegfs/paulo.kubota/lib/lib_gnu/pnetcdf/pnetcdf-1.12.3/PnetCDF/include -I/home/paulo.kubota/monan_linux/monan/model/sources/MONAN-Model_GPU/src/external/SMIOL -I/mnt/beegfs/paulo.kubota/lib/lib_gnu/netcdf/include -I/mnt/beegfs/paulo.kubota/lib/lib_gnu/pnetcdf/pnetcdf-1.12.3/PnetCDF/include -I./inc -I../framework -I../operators  -I../external/esmf_time_f90
rm -f mpas_init_atm_static.o mpas_init_atm_static.mod
rm -f mpas_init_atm_surface.o mpas_init_atm_surface.mod
rm -f mpas_init_atm_thompson_aerosols.o mpas_init_atm_thompson_aerosols.mod
/opt/ohpc/pub/mpi/openmpi4-gnu9/4.1.1/bin/mpif90 -D_MPI -DCORE_INIT_ATMOSPHERE -DMPAS_NAMELIST_SUFFIX=init_atmosphere -DMPAS_EXE_NAME=init_atmosphere_model -DMPAS_OPENMP -DSINGLE_PRECISION -DMPAS_NATIVE_TIMERS -DMPAS_GIT_VERSION=unknown -DMPAS_BUILD_TARGET=gfortran -DMPAS_SMIOL_SUPPORT -DMPAS_USE_MPI_F08 -O3 -ffree-line-length-none -fconvert=big-endian -ffree-form -fopenmp -c mpas_init_atm_surface.F -I/mnt/beegfs/paulo.kubota/lib/lib_gnu/netcdf/include -I/mnt/beegfs/paulo.kubota/lib/lib_gnu/pnetcdf/pnetcdf-1.12.3/PnetCDF/include -I/home/paulo.kubota/monan_linux/monan/model/sources/MONAN-Model_GPU/src/external/SMIOL -I/mnt/beegfs/paulo.kubota/lib/lib_gnu/netcdf/include -I/mnt/beegfs/paulo.kubota/lib/lib_gnu/pnetcdf/pnetcdf-1.12.3/PnetCDF/include -I./inc -I../framework -I../operators  -I../external/esmf_time_f90
/opt/ohpc/pub/mpi/openmpi4-gnu9/4.1.1/bin/mpif90 -D_MPI -DCORE_INIT_ATMOSPHERE -DMPAS_NAMELIST_SUFFIX=init_atmosphere -DMPAS_EXE_NAME=init_atmosphere_model -DMPAS_OPENMP -DSINGLE_PRECISION -DMPAS_NATIVE_TIMERS -DMPAS_GIT_VERSION=unknown -DMPAS_BUILD_TARGET=gfortran -DMPAS_SMIOL_SUPPORT -DMPAS_USE_MPI_F08 -O3 -ffree-line-length-none -fconvert=big-endian -ffree-form -fopenmp -c mpas_init_atm_static.F -I/mnt/beegfs/paulo.kubota/lib/lib_gnu/netcdf/include -I/mnt/beegfs/paulo.kubota/lib/lib_gnu/pnetcdf/pnetcdf-1.12.3/PnetCDF/include -I/home/paulo.kubota/monan_linux/monan/model/sources/MONAN-Model_GPU/src/external/SMIOL -I/mnt/beegfs/paulo.kubota/lib/lib_gnu/netcdf/include -I/mnt/beegfs/paulo.kubota/lib/lib_gnu/pnetcdf/pnetcdf-1.12.3/PnetCDF/include -I./inc -I../framework -I../operators  -I../external/esmf_time_f90
/opt/ohpc/pub/mpi/openmpi4-gnu9/4.1.1/bin/mpif90 -D_MPI -DCORE_INIT_ATMOSPHERE -DMPAS_NAMELIST_SUFFIX=init_atmosphere -DMPAS_EXE_NAME=init_atmosphere_model -DMPAS_OPENMP -DSINGLE_PRECISION -DMPAS_NATIVE_TIMERS -DMPAS_GIT_VERSION=unknown -DMPAS_BUILD_TARGET=gfortran -DMPAS_SMIOL_SUPPORT -DMPAS_USE_MPI_F08 -O3 -ffree-line-length-none -fconvert=big-endian -ffree-form -fopenmp -c mpas_init_atm_thompson_aerosols.F -I/mnt/beegfs/paulo.kubota/lib/lib_gnu/netcdf/include -I/mnt/beegfs/paulo.kubota/lib/lib_gnu/pnetcdf/pnetcdf-1.12.3/PnetCDF/include -I/home/paulo.kubota/monan_linux/monan/model/sources/MONAN-Model_GPU/src/external/SMIOL -I/mnt/beegfs/paulo.kubota/lib/lib_gnu/netcdf/include -I/mnt/beegfs/paulo.kubota/lib/lib_gnu/pnetcdf/pnetcdf-1.12.3/PnetCDF/include -I./inc -I../framework -I../operators  -I../external/esmf_time_f90
rm -f mpas_atmphys_initialize_real.o mpas_atmphys_initialize_real.mod
/opt/ohpc/pub/mpi/openmpi4-gnu9/4.1.1/bin/mpif90 -D_MPI -DCORE_INIT_ATMOSPHERE -DMPAS_NAMELIST_SUFFIX=init_atmosphere -DMPAS_EXE_NAME=init_atmosphere_model -DMPAS_OPENMP -DSINGLE_PRECISION -DMPAS_NATIVE_TIMERS -DMPAS_GIT_VERSION=unknown -DMPAS_BUILD_TARGET=gfortran -DMPAS_SMIOL_SUPPORT -DMPAS_USE_MPI_F08 -O3 -ffree-line-length-none -fconvert=big-endian -ffree-form -fopenmp -c mpas_atmphys_initialize_real.F -I/mnt/beegfs/paulo.kubota/lib/lib_gnu/netcdf/include -I/mnt/beegfs/paulo.kubota/lib/lib_gnu/pnetcdf/pnetcdf-1.12.3/PnetCDF/include -I/home/paulo.kubota/monan_linux/monan/model/sources/MONAN-Model_GPU/src/external/SMIOL -I/mnt/beegfs/paulo.kubota/lib/lib_gnu/netcdf/include -I/mnt/beegfs/paulo.kubota/lib/lib_gnu/pnetcdf/pnetcdf-1.12.3/PnetCDF/include -I./inc -I../framework -I../operators  -I../external/esmf_time_f90
rm -f mpas_init_atm_cases.o mpas_init_atm_cases.mod
/opt/ohpc/pub/mpi/openmpi4-gnu9/4.1.1/bin/mpif90 -D_MPI -DCORE_INIT_ATMOSPHERE -DMPAS_NAMELIST_SUFFIX=init_atmosphere -DMPAS_EXE_NAME=init_atmosphere_model -DMPAS_OPENMP -DSINGLE_PRECISION -DMPAS_NATIVE_TIMERS -DMPAS_GIT_VERSION=unknown -DMPAS_BUILD_TARGET=gfortran -DMPAS_SMIOL_SUPPORT -DMPAS_USE_MPI_F08 -O3 -ffree-line-length-none -fconvert=big-endian -ffree-form -fopenmp -c mpas_init_atm_cases.F -I/mnt/beegfs/paulo.kubota/lib/lib_gnu/netcdf/include -I/mnt/beegfs/paulo.kubota/lib/lib_gnu/pnetcdf/pnetcdf-1.12.3/PnetCDF/include -I/home/paulo.kubota/monan_linux/monan/model/sources/MONAN-Model_GPU/src/external/SMIOL -I/mnt/beegfs/paulo.kubota/lib/lib_gnu/netcdf/include -I/mnt/beegfs/paulo.kubota/lib/lib_gnu/pnetcdf/pnetcdf-1.12.3/PnetCDF/include -I./inc -I../framework -I../operators  -I../external/esmf_time_f90
rm -f mpas_init_atm_core.o mpas_init_atm_core.mod
/opt/ohpc/pub/mpi/openmpi4-gnu9/4.1.1/bin/mpif90 -D_MPI -DCORE_INIT_ATMOSPHERE -DMPAS_NAMELIST_SUFFIX=init_atmosphere -DMPAS_EXE_NAME=init_atmosphere_model -DMPAS_OPENMP -DSINGLE_PRECISION -DMPAS_NATIVE_TIMERS -DMPAS_GIT_VERSION=unknown -DMPAS_BUILD_TARGET=gfortran -DMPAS_SMIOL_SUPPORT -DMPAS_USE_MPI_F08 -O3 -ffree-line-length-none -fconvert=big-endian -ffree-form -fopenmp -c mpas_init_atm_core.F -I/mnt/beegfs/paulo.kubota/lib/lib_gnu/netcdf/include -I/mnt/beegfs/paulo.kubota/lib/lib_gnu/pnetcdf/pnetcdf-1.12.3/PnetCDF/include -I/home/paulo.kubota/monan_linux/monan/model/sources/MONAN-Model_GPU/src/external/SMIOL -I/mnt/beegfs/paulo.kubota/lib/lib_gnu/netcdf/include -I/mnt/beegfs/paulo.kubota/lib/lib_gnu/pnetcdf/pnetcdf-1.12.3/PnetCDF/include -I./inc -I../framework -I../operators  -I../external/esmf_time_f90
rm -f mpas_init_atm_core_interface.o mpas_init_atm_core_interface.mod
/opt/ohpc/pub/mpi/openmpi4-gnu9/4.1.1/bin/mpif90 -D_MPI -DCORE_INIT_ATMOSPHERE -DMPAS_NAMELIST_SUFFIX=init_atmosphere -DMPAS_EXE_NAME=init_atmosphere_model -DMPAS_OPENMP -DSINGLE_PRECISION -DMPAS_NATIVE_TIMERS -DMPAS_GIT_VERSION=unknown -DMPAS_BUILD_TARGET=gfortran -DMPAS_SMIOL_SUPPORT -DMPAS_USE_MPI_F08 -O3 -ffree-line-length-none -fconvert=big-endian -ffree-form -fopenmp -c mpas_init_atm_core_interface.F -I/mnt/beegfs/paulo.kubota/lib/lib_gnu/netcdf/include -I/mnt/beegfs/paulo.kubota/lib/lib_gnu/pnetcdf/pnetcdf-1.12.3/PnetCDF/include -I/home/paulo.kubota/monan_linux/monan/model/sources/MONAN-Model_GPU/src/external/SMIOL -I/mnt/beegfs/paulo.kubota/lib/lib_gnu/netcdf/include -I/mnt/beegfs/paulo.kubota/lib/lib_gnu/pnetcdf/pnetcdf-1.12.3/PnetCDF/include -I./inc -I../framework -I../operators  -I../external/esmf_time_f90
ar -ru libdycore.a mpas_init_atm_core.o mpas_init_atm_core_interface.o mpas_init_atm_cases.o mpas_atm_advection.o mpas_init_atm_read_met.o mpas_init_atm_llxy.o mpas_init_atm_bitarray.o mpas_init_atm_queue.o mpas_init_atm_hinterp.o mpas_init_atm_static.o mpas_init_atm_gwd.o mpas_init_atm_surface.o mpas_init_atm_vinterp.o mpas_init_atm_thompson_aerosols.o read_geogrid.o mpas_atmphys_constants.o mpas_atmphys_date_time.o mpas_atmphys_functions.o mpas_atmphys_initialize_real.o mpas_atmphys_utilities.o mpas_stack.o mpas_kd_tree.o mpas_parse_geoindex.o mpas_geotile_manager.o
ar: creating libdycore.a
make[3]: Leaving directory '/home/paulo.kubota/monan_linux/monan/model/sources/MONAN-Model_GPU/src/core_init_atmosphere'
ln -sf core_init_atmosphere/libdycore.a libdycore.a
( cd driver; make CPPFLAGS="-D_MPI -DCORE_INIT_ATMOSPHERE -DMPAS_NAMELIST_SUFFIX=init_atmosphere -DMPAS_EXE_NAME=init_atmosphere_model -DMPAS_OPENMP -DSINGLE_PRECISION -DMPAS_NATIVE_TIMERS -DMPAS_GIT_VERSION=unknown -DMPAS_BUILD_TARGET=gfortran -DMPAS_SMIOL_SUPPORT -DMPAS_USE_MPI_F08" CPPINCLUDES="-I/mnt/beegfs/paulo.kubota/lib/lib_gnu/netcdf/include -I/mnt/beegfs/paulo.kubota/lib/lib_gnu/pnetcdf/pnetcdf-1.12.3/PnetCDF/include" all ) 
make[3]: Entering directory '/home/paulo.kubota/monan_linux/monan/model/sources/MONAN-Model_GPU/src/driver'
(make clean)
make[4]: Entering directory '/home/paulo.kubota/monan_linux/monan/model/sources/MONAN-Model_GPU/src/driver'
rm -f *.o *.mod *.f90
rm -f *.i
make[4]: Leaving directory '/home/paulo.kubota/monan_linux/monan/model/sources/MONAN-Model_GPU/src/driver'
(make driver)
make[4]: Entering directory '/home/paulo.kubota/monan_linux/monan/model/sources/MONAN-Model_GPU/src/driver'
rm -f mpas_subdriver.o mpas_subdriver.mod
/opt/ohpc/pub/mpi/openmpi4-gnu9/4.1.1/bin/mpif90 -D_MPI -DCORE_INIT_ATMOSPHERE -DMPAS_NAMELIST_SUFFIX=init_atmosphere -DMPAS_EXE_NAME=init_atmosphere_model -DMPAS_OPENMP -DSINGLE_PRECISION -DMPAS_NATIVE_TIMERS -DMPAS_GIT_VERSION=unknown -DMPAS_BUILD_TARGET=gfortran -DMPAS_SMIOL_SUPPORT -DMPAS_USE_MPI_F08 -O3 -ffree-line-length-none -fconvert=big-endian -ffree-form -fopenmp -c mpas_subdriver.F -I/mnt/beegfs/paulo.kubota/lib/lib_gnu/netcdf/include -I/mnt/beegfs/paulo.kubota/lib/lib_gnu/pnetcdf/pnetcdf-1.12.3/PnetCDF/include -I/home/paulo.kubota/monan_linux/monan/model/sources/MONAN-Model_GPU/src/external/SMIOL -I/mnt/beegfs/paulo.kubota/lib/lib_gnu/netcdf/include -I/mnt/beegfs/paulo.kubota/lib/lib_gnu/pnetcdf/pnetcdf-1.12.3/PnetCDF/include -I../framework -I../operators -I../core_init_atmosphere -I../external/esmf_time_f90
rm -f mpas.o mpas.mod
/opt/ohpc/pub/mpi/openmpi4-gnu9/4.1.1/bin/mpif90 -D_MPI -DCORE_INIT_ATMOSPHERE -DMPAS_NAMELIST_SUFFIX=init_atmosphere -DMPAS_EXE_NAME=init_atmosphere_model -DMPAS_OPENMP -DSINGLE_PRECISION -DMPAS_NATIVE_TIMERS -DMPAS_GIT_VERSION=unknown -DMPAS_BUILD_TARGET=gfortran -DMPAS_SMIOL_SUPPORT -DMPAS_USE_MPI_F08 -O3 -ffree-line-length-none -fconvert=big-endian -ffree-form -fopenmp -c mpas.F -I/mnt/beegfs/paulo.kubota/lib/lib_gnu/netcdf/include -I/mnt/beegfs/paulo.kubota/lib/lib_gnu/pnetcdf/pnetcdf-1.12.3/PnetCDF/include -I/home/paulo.kubota/monan_linux/monan/model/sources/MONAN-Model_GPU/src/external/SMIOL -I/mnt/beegfs/paulo.kubota/lib/lib_gnu/netcdf/include -I/mnt/beegfs/paulo.kubota/lib/lib_gnu/pnetcdf/pnetcdf-1.12.3/PnetCDF/include -I../framework -I../operators -I../core_init_atmosphere -I../external/esmf_time_f90
make[4]: Leaving directory '/home/paulo.kubota/monan_linux/monan/model/sources/MONAN-Model_GPU/src/driver'
make[3]: Leaving directory '/home/paulo.kubota/monan_linux/monan/model/sources/MONAN-Model_GPU/src/driver'
/opt/ohpc/pub/mpi/openmpi4-gnu9/4.1.1/bin/mpif90 -O3 -fopenmp -o init_atmosphere_model driver/*.o -L. -ldycore -lops -lframework -L/home/paulo.kubota/monan_linux/monan/model/sources/MONAN-Model_GPU/src/external/SMIOL -lsmiolf -lsmiol -L/mnt/beegfs/paulo.kubota/lib/lib_gnu/netcdf/lib -lnetcdff -lnetcdf -L/mnt/beegfs/paulo.kubota/lib/lib_gnu/pnetcdf/pnetcdf-1.12.3/PnetCDF/lib -lpnetcdf -I./external/esmf_time_f90 -L./external/esmf_time_f90 -lesmf_time
make[2]: Leaving directory '/home/paulo.kubota/monan_linux/monan/model/sources/MONAN-Model_GPU/src'
if [ -e src/init_atmosphere_model ]; then mv src/init_atmosphere_model .; fi
( cd src/core_init_atmosphere; make ROOT_DIR="/home/paulo.kubota/monan_linux/monan/model/sources/MONAN-Model_GPU" post_build )
make[2]: Entering directory '/home/paulo.kubota/monan_linux/monan/model/sources/MONAN-Model_GPU/src/core_init_atmosphere'
if [ ! -e /home/paulo.kubota/monan_linux/monan/model/sources/MONAN-Model_GPU/default_inputs ]; then mkdir /home/paulo.kubota/monan_linux/monan/model/sources/MONAN-Model_GPU/default_inputs; fi
cp default_inputs/* /home/paulo.kubota/monan_linux/monan/model/sources/MONAN-Model_GPU/default_inputs/.
( cd /home/paulo.kubota/monan_linux/monan/model/sources/MONAN-Model_GPU/default_inputs; for FILE in `ls -1`; do if [ ! -e ../$FILE ]; then cp $FILE ../.; fi; done )
make[2]: Leaving directory '/home/paulo.kubota/monan_linux/monan/model/sources/MONAN-Model_GPU/src/core_init_atmosphere'
*******************************************************************************
MPAS was built with default single-precision reals.
Debugging is off.
Parallel version is on.
Using the mpi_f08 module.
Papi libraries are off.
TAU Hooks are off.
MPAS was built with OpenMP enabled.
MPAS was built without OpenMP-offload GPU support.
MPAS was built without OpenACC accelerator support.
Position-dependent code was generated.
MPAS was built with .F files.
The native timer interface is being used
Using the SMIOL library.
*******************************************************************************
make[1]: Leaving directory '/home/paulo.kubota/monan_linux/monan/model/sources/MONAN-Model_GPU'
